[0m18:16:10.655023 [debug] [MainThread]: Sending event: {'category': 'dbt', 'action': 'invocation', 'label': 'start', 'context': [<snowplow_tracker.self_describing_json.SelfDescribingJson object at 0x7e0e64555be0>, <snowplow_tracker.self_describing_json.SelfDescribingJson object at 0x7e0e623d6dc0>, <snowplow_tracker.self_describing_json.SelfDescribingJson object at 0x7e0e623d6d30>]}


============================== 18:16:10.664093 | 118b6a8a-6c5c-48b6-83a9-ea491a4698ac ==============================
[0m18:16:10.664093 [info ] [MainThread]: Running with dbt=1.8.2
[0m18:16:10.664760 [debug] [MainThread]: running dbt with arguments {'printer_width': '80', 'indirect_selection': 'eager', 'log_cache_events': 'False', 'write_json': 'True', 'partial_parse': 'True', 'cache_selected_only': 'False', 'warn_error': 'None', 'debug': 'False', 'version_check': 'True', 'log_path': '/usr/app/dbt_project/logs', 'fail_fast': 'False', 'profiles_dir': '/root/.dbt', 'use_colors': 'True', 'use_experimental_parser': 'False', 'no_print': 'None', 'quiet': 'False', 'log_format': 'default', 'invocation_command': 'dbt deps', 'static_parser': 'True', 'introspect': 'True', 'target_path': 'None', 'warn_error_options': 'WarnErrorOptions(include=[], exclude=[])', 'send_anonymous_usage_stats': 'True'}
[0m18:16:10.779750 [debug] [MainThread]: Sending event: {'category': 'dbt', 'action': 'project_id', 'label': '118b6a8a-6c5c-48b6-83a9-ea491a4698ac', 'context': [<snowplow_tracker.self_describing_json.SelfDescribingJson object at 0x7e0e643206a0>]}
[0m18:16:10.793781 [info ] [MainThread]: Warning: No packages were found in packages.yml
[0m18:16:10.795057 [info ] [MainThread]: Warning: No packages were found in packages.yml
[0m18:16:10.795946 [debug] [MainThread]: Resource report: {"command_name": "deps", "command_success": true, "command_wall_clock_time": 0.20079297, "process_user_time": 1.432072, "process_kernel_time": 0.239343, "process_mem_max_rss": "90972", "process_out_blocks": "48", "process_in_blocks": "0"}
[0m18:16:10.796348 [debug] [MainThread]: Command `dbt deps` succeeded at 18:16:10.796245 after 0.20 seconds
[0m18:16:10.796700 [debug] [MainThread]: Sending event: {'category': 'dbt', 'action': 'invocation', 'label': 'end', 'context': [<snowplow_tracker.self_describing_json.SelfDescribingJson object at 0x7e0e64555be0>, <snowplow_tracker.self_describing_json.SelfDescribingJson object at 0x7e0e6244bdc0>, <snowplow_tracker.self_describing_json.SelfDescribingJson object at 0x7e0e62355c10>]}
[0m18:16:10.797019 [debug] [MainThread]: Flushing usage events
[0m18:16:13.930703 [debug] [MainThread]: Sending event: {'category': 'dbt', 'action': 'invocation', 'label': 'start', 'context': [<snowplow_tracker.self_describing_json.SelfDescribingJson object at 0x78c006e23bb0>, <snowplow_tracker.self_describing_json.SelfDescribingJson object at 0x78c004ca6eb0>, <snowplow_tracker.self_describing_json.SelfDescribingJson object at 0x78c004ca6e50>]}


============================== 18:16:13.935182 | 4fb44cb5-3e5e-4089-9722-91189b30e05b ==============================
[0m18:16:13.935182 [info ] [MainThread]: Running with dbt=1.8.2
[0m18:16:13.935708 [debug] [MainThread]: running dbt with arguments {'printer_width': '80', 'indirect_selection': 'eager', 'write_json': 'True', 'log_cache_events': 'False', 'partial_parse': 'True', 'cache_selected_only': 'False', 'profiles_dir': '/root/.dbt', 'debug': 'False', 'fail_fast': 'False', 'log_path': '/usr/app/dbt_project/logs', 'version_check': 'True', 'warn_error': 'None', 'use_colors': 'True', 'use_experimental_parser': 'False', 'no_print': 'None', 'quiet': 'False', 'log_format': 'default', 'static_parser': 'True', 'introspect': 'True', 'warn_error_options': 'WarnErrorOptions(include=[], exclude=[])', 'target_path': 'None', 'invocation_command': 'dbt run --full-refresh', 'send_anonymous_usage_stats': 'True'}
[0m18:16:14.117502 [debug] [MainThread]: Sending event: {'category': 'dbt', 'action': 'project_id', 'label': '4fb44cb5-3e5e-4089-9722-91189b30e05b', 'context': [<snowplow_tracker.self_describing_json.SelfDescribingJson object at 0x78c004b1d9a0>]}
[0m18:16:14.187209 [debug] [MainThread]: Sending event: {'category': 'dbt', 'action': 'adapter_info', 'label': '4fb44cb5-3e5e-4089-9722-91189b30e05b', 'context': [<snowplow_tracker.self_describing_json.SelfDescribingJson object at 0x78c004c0ba00>]}
[0m18:16:14.188206 [info ] [MainThread]: Registered adapter: clickhouse=1.8.2
[0m18:16:14.298079 [debug] [MainThread]: checksum: f0a141b9de567cb7f131613ba2682f40b3a1c6a157f81c6e5435862eff68f109, vars: {}, profile: , target: , version: 1.8.2
[0m18:16:14.299471 [info ] [MainThread]: Unable to do partial parsing because saved manifest not found. Starting full parse.
[0m18:16:14.299983 [debug] [MainThread]: Sending event: {'category': 'dbt', 'action': 'partial_parser', 'label': '4fb44cb5-3e5e-4089-9722-91189b30e05b', 'context': [<snowplow_tracker.self_describing_json.SelfDescribingJson object at 0x78c004ac8c40>]}
[0m18:16:15.464351 [error] [MainThread]: Encountered an error:
Compilation Error in model fct_analise_risco (models/marts/fct_analise_risco.sql)
  invalid syntax for function call expression
    line 9
      config(
[0m18:16:15.465397 [debug] [MainThread]: Resource report: {"command_name": "run", "command_wall_clock_time": 1.5955507, "process_user_time": 2.765667, "process_kernel_time": 0.263396, "process_mem_max_rss": "98064", "process_out_blocks": "24", "command_success": false, "process_in_blocks": "0"}
[0m18:16:15.465846 [debug] [MainThread]: Command `dbt run` failed at 18:16:15.465746 after 1.60 seconds
[0m18:16:15.466185 [debug] [MainThread]: Sending event: {'category': 'dbt', 'action': 'invocation', 'label': 'end', 'context': [<snowplow_tracker.self_describing_json.SelfDescribingJson object at 0x78c006e23bb0>, <snowplow_tracker.self_describing_json.SelfDescribingJson object at 0x78c0047f9670>, <snowplow_tracker.self_describing_json.SelfDescribingJson object at 0x78c0047f9730>]}
[0m18:16:15.466505 [debug] [MainThread]: Flushing usage events
[0m18:17:50.744724 [debug] [MainThread]: Sending event: {'category': 'dbt', 'action': 'invocation', 'label': 'start', 'context': [<snowplow_tracker.self_describing_json.SelfDescribingJson object at 0x70cc7850ebe0>, <snowplow_tracker.self_describing_json.SelfDescribingJson object at 0x70cc76390d60>, <snowplow_tracker.self_describing_json.SelfDescribingJson object at 0x70cc76390d00>]}


============================== 18:17:50.748807 | 747cf05c-e30b-4d8d-9069-4b505ebc732f ==============================
[0m18:17:50.748807 [info ] [MainThread]: Running with dbt=1.8.2
[0m18:17:50.749452 [debug] [MainThread]: running dbt with arguments {'printer_width': '80', 'indirect_selection': 'eager', 'log_cache_events': 'False', 'write_json': 'True', 'partial_parse': 'True', 'cache_selected_only': 'False', 'profiles_dir': '/root/.dbt', 'debug': 'False', 'version_check': 'True', 'log_path': '/usr/app/dbt_project/logs', 'fail_fast': 'False', 'warn_error': 'None', 'use_colors': 'True', 'use_experimental_parser': 'False', 'no_print': 'None', 'quiet': 'False', 'warn_error_options': 'WarnErrorOptions(include=[], exclude=[])', 'static_parser': 'True', 'invocation_command': 'dbt deps', 'introspect': 'True', 'target_path': 'None', 'log_format': 'default', 'send_anonymous_usage_stats': 'True'}
[0m18:17:50.876738 [debug] [MainThread]: Sending event: {'category': 'dbt', 'action': 'project_id', 'label': '747cf05c-e30b-4d8d-9069-4b505ebc732f', 'context': [<snowplow_tracker.self_describing_json.SelfDescribingJson object at 0x70cc77005400>]}
[0m18:17:50.893149 [info ] [MainThread]: Warning: No packages were found in packages.yml
[0m18:17:50.895081 [info ] [MainThread]: Warning: No packages were found in packages.yml
[0m18:17:50.896184 [debug] [MainThread]: Resource report: {"command_name": "deps", "command_success": true, "command_wall_clock_time": 0.21678557, "process_user_time": 1.482304, "process_kernel_time": 0.195249, "process_mem_max_rss": "90596", "process_out_blocks": "8", "process_in_blocks": "0"}
[0m18:17:50.896716 [debug] [MainThread]: Command `dbt deps` succeeded at 18:17:50.896567 after 0.22 seconds
[0m18:17:50.897091 [debug] [MainThread]: Sending event: {'category': 'dbt', 'action': 'invocation', 'label': 'end', 'context': [<snowplow_tracker.self_describing_json.SelfDescribingJson object at 0x70cc7850ebe0>, <snowplow_tracker.self_describing_json.SelfDescribingJson object at 0x70cc76278f40>, <snowplow_tracker.self_describing_json.SelfDescribingJson object at 0x70cc7628e490>]}
[0m18:17:50.897453 [debug] [MainThread]: Flushing usage events
[0m18:17:54.018848 [debug] [MainThread]: Sending event: {'category': 'dbt', 'action': 'invocation', 'label': 'start', 'context': [<snowplow_tracker.self_describing_json.SelfDescribingJson object at 0x7f6f927f9b20>, <snowplow_tracker.self_describing_json.SelfDescribingJson object at 0x7f6f9067cdf0>, <snowplow_tracker.self_describing_json.SelfDescribingJson object at 0x7f6f9067cd90>]}


============================== 18:17:54.022737 | 68c0792b-6525-43f8-ad18-7431322b059f ==============================
[0m18:17:54.022737 [info ] [MainThread]: Running with dbt=1.8.2
[0m18:17:54.023277 [debug] [MainThread]: running dbt with arguments {'printer_width': '80', 'indirect_selection': 'eager', 'log_cache_events': 'False', 'write_json': 'True', 'partial_parse': 'True', 'cache_selected_only': 'False', 'warn_error': 'None', 'version_check': 'True', 'profiles_dir': '/root/.dbt', 'log_path': '/usr/app/dbt_project/logs', 'fail_fast': 'False', 'debug': 'False', 'use_colors': 'True', 'use_experimental_parser': 'False', 'no_print': 'None', 'quiet': 'False', 'log_format': 'default', 'invocation_command': 'dbt run --full-refresh', 'warn_error_options': 'WarnErrorOptions(include=[], exclude=[])', 'static_parser': 'True', 'target_path': 'None', 'introspect': 'True', 'send_anonymous_usage_stats': 'True'}
[0m18:17:54.215029 [debug] [MainThread]: Sending event: {'category': 'dbt', 'action': 'project_id', 'label': '68c0792b-6525-43f8-ad18-7431322b059f', 'context': [<snowplow_tracker.self_describing_json.SelfDescribingJson object at 0x7f6f925c5730>]}
[0m18:17:54.290830 [debug] [MainThread]: Sending event: {'category': 'dbt', 'action': 'adapter_info', 'label': '68c0792b-6525-43f8-ad18-7431322b059f', 'context': [<snowplow_tracker.self_describing_json.SelfDescribingJson object at 0x7f6f90592430>]}
[0m18:17:54.292105 [info ] [MainThread]: Registered adapter: clickhouse=1.8.2
[0m18:17:54.398005 [debug] [MainThread]: checksum: f0a141b9de567cb7f131613ba2682f40b3a1c6a157f81c6e5435862eff68f109, vars: {}, profile: , target: , version: 1.8.2
[0m18:17:54.398933 [info ] [MainThread]: Unable to do partial parsing because saved manifest not found. Starting full parse.
[0m18:17:54.399400 [debug] [MainThread]: Sending event: {'category': 'dbt', 'action': 'partial_parser', 'label': '68c0792b-6525-43f8-ad18-7431322b059f', 'context': [<snowplow_tracker.self_describing_json.SelfDescribingJson object at 0x7f6f90708430>]}
[0m18:17:55.547394 [error] [MainThread]: Encountered an error:
Compilation Error in model fct_analise_risco (models/marts/fct_analise_risco.sql)
  invalid syntax for function call expression
    line 9
      config(
[0m18:17:55.548643 [debug] [MainThread]: Resource report: {"command_name": "run", "command_wall_clock_time": 1.6089021, "process_user_time": 2.871004, "process_kernel_time": 0.237906, "process_mem_max_rss": "97700", "command_success": false, "process_in_blocks": "0", "process_out_blocks": "0"}
[0m18:17:55.549204 [debug] [MainThread]: Command `dbt run` failed at 18:17:55.549065 after 1.61 seconds
[0m18:17:55.549628 [debug] [MainThread]: Sending event: {'category': 'dbt', 'action': 'invocation', 'label': 'end', 'context': [<snowplow_tracker.self_describing_json.SelfDescribingJson object at 0x7f6f927f9b20>, <snowplow_tracker.self_describing_json.SelfDescribingJson object at 0x7f6f901d87f0>, <snowplow_tracker.self_describing_json.SelfDescribingJson object at 0x7f6f901d8760>]}
[0m18:17:55.549999 [debug] [MainThread]: Flushing usage events
[0m18:18:46.914355 [debug] [MainThread]: Sending event: {'category': 'dbt', 'action': 'invocation', 'label': 'start', 'context': [<snowplow_tracker.self_describing_json.SelfDescribingJson object at 0x76e917d9dc10>, <snowplow_tracker.self_describing_json.SelfDescribingJson object at 0x76e915c1fdc0>, <snowplow_tracker.self_describing_json.SelfDescribingJson object at 0x76e915c1fd60>]}


============================== 18:18:46.920594 | 4c7ddb35-066d-476b-b69e-a6bd45e1b63e ==============================
[0m18:18:46.920594 [info ] [MainThread]: Running with dbt=1.8.2
[0m18:18:46.921268 [debug] [MainThread]: running dbt with arguments {'printer_width': '80', 'indirect_selection': 'eager', 'log_cache_events': 'False', 'write_json': 'True', 'partial_parse': 'True', 'cache_selected_only': 'False', 'warn_error': 'None', 'version_check': 'True', 'fail_fast': 'False', 'log_path': '/usr/app/dbt_project/logs', 'debug': 'False', 'profiles_dir': '/root/.dbt', 'use_colors': 'True', 'use_experimental_parser': 'False', 'no_print': 'None', 'quiet': 'False', 'warn_error_options': 'WarnErrorOptions(include=[], exclude=[])', 'invocation_command': 'dbt deps', 'introspect': 'True', 'log_format': 'default', 'target_path': 'None', 'static_parser': 'True', 'send_anonymous_usage_stats': 'True'}
[0m18:18:47.038303 [debug] [MainThread]: Sending event: {'category': 'dbt', 'action': 'project_id', 'label': '4c7ddb35-066d-476b-b69e-a6bd45e1b63e', 'context': [<snowplow_tracker.self_describing_json.SelfDescribingJson object at 0x76e915c770d0>]}
[0m18:18:47.052162 [info ] [MainThread]: Warning: No packages were found in packages.yml
[0m18:18:47.053874 [info ] [MainThread]: Warning: No packages were found in packages.yml
[0m18:18:47.054962 [debug] [MainThread]: Resource report: {"command_name": "deps", "command_success": true, "command_wall_clock_time": 0.20341653, "process_user_time": 1.432861, "process_kernel_time": 0.183087, "process_mem_max_rss": "90484", "process_out_blocks": "16", "process_in_blocks": "0"}
[0m18:18:47.055425 [debug] [MainThread]: Command `dbt deps` succeeded at 18:18:47.055313 after 0.20 seconds
[0m18:18:47.055819 [debug] [MainThread]: Sending event: {'category': 'dbt', 'action': 'invocation', 'label': 'end', 'context': [<snowplow_tracker.self_describing_json.SelfDescribingJson object at 0x76e917d9dc10>, <snowplow_tracker.self_describing_json.SelfDescribingJson object at 0x76e915b08fa0>, <snowplow_tracker.self_describing_json.SelfDescribingJson object at 0x76e915b449a0>]}
[0m18:18:47.056161 [debug] [MainThread]: Flushing usage events
[0m18:18:50.304415 [debug] [MainThread]: Sending event: {'category': 'dbt', 'action': 'invocation', 'label': 'start', 'context': [<snowplow_tracker.self_describing_json.SelfDescribingJson object at 0x71711505ebb0>, <snowplow_tracker.self_describing_json.SelfDescribingJson object at 0x717112ee1e80>, <snowplow_tracker.self_describing_json.SelfDescribingJson object at 0x717112ee1e20>]}


============================== 18:18:50.308390 | 90130c76-b2bb-4f30-9469-18ac492deac5 ==============================
[0m18:18:50.308390 [info ] [MainThread]: Running with dbt=1.8.2
[0m18:18:50.308938 [debug] [MainThread]: running dbt with arguments {'printer_width': '80', 'indirect_selection': 'eager', 'write_json': 'True', 'log_cache_events': 'False', 'partial_parse': 'True', 'cache_selected_only': 'False', 'warn_error': 'None', 'version_check': 'True', 'fail_fast': 'False', 'log_path': '/usr/app/dbt_project/logs', 'profiles_dir': '/root/.dbt', 'debug': 'False', 'use_colors': 'True', 'use_experimental_parser': 'False', 'no_print': 'None', 'quiet': 'False', 'warn_error_options': 'WarnErrorOptions(include=[], exclude=[])', 'static_parser': 'True', 'log_format': 'default', 'invocation_command': 'dbt run --full-refresh', 'target_path': 'None', 'introspect': 'True', 'send_anonymous_usage_stats': 'True'}
[0m18:18:50.540254 [debug] [MainThread]: Sending event: {'category': 'dbt', 'action': 'project_id', 'label': '90130c76-b2bb-4f30-9469-18ac492deac5', 'context': [<snowplow_tracker.self_describing_json.SelfDescribingJson object at 0x717112e39fd0>]}
[0m18:18:50.610346 [debug] [MainThread]: Sending event: {'category': 'dbt', 'action': 'adapter_info', 'label': '90130c76-b2bb-4f30-9469-18ac492deac5', 'context': [<snowplow_tracker.self_describing_json.SelfDescribingJson object at 0x717115295ac0>]}
[0m18:18:50.612700 [info ] [MainThread]: Registered adapter: clickhouse=1.8.2
[0m18:18:50.747287 [debug] [MainThread]: checksum: f0a141b9de567cb7f131613ba2682f40b3a1c6a157f81c6e5435862eff68f109, vars: {}, profile: , target: , version: 1.8.2
[0m18:18:50.748647 [info ] [MainThread]: Unable to do partial parsing because saved manifest not found. Starting full parse.
[0m18:18:50.749279 [debug] [MainThread]: Sending event: {'category': 'dbt', 'action': 'partial_parser', 'label': '90130c76-b2bb-4f30-9469-18ac492deac5', 'context': [<snowplow_tracker.self_describing_json.SelfDescribingJson object at 0x7171135f5e20>]}
[0m18:18:52.227433 [error] [MainThread]: Encountered an error:
Compilation Error in model fct_analise_risco (models/marts/fct_analise_risco.sql)
  invalid syntax for function call expression
    line 9
      config(
[0m18:18:52.228601 [debug] [MainThread]: Resource report: {"command_name": "run", "command_wall_clock_time": 1.9883837, "process_user_time": 3.268785, "process_kernel_time": 0.30333, "process_mem_max_rss": "97920", "process_out_blocks": "8", "command_success": false, "process_in_blocks": "0"}
[0m18:18:52.229081 [debug] [MainThread]: Command `dbt run` failed at 18:18:52.228967 after 1.99 seconds
[0m18:18:52.229460 [debug] [MainThread]: Sending event: {'category': 'dbt', 'action': 'invocation', 'label': 'end', 'context': [<snowplow_tracker.self_describing_json.SelfDescribingJson object at 0x71711505ebb0>, <snowplow_tracker.self_describing_json.SelfDescribingJson object at 0x717112a3d7c0>, <snowplow_tracker.self_describing_json.SelfDescribingJson object at 0x717112a3d8b0>]}
[0m18:18:52.229813 [debug] [MainThread]: Flushing usage events
[0m18:33:54.759035 [debug] [MainThread]: Sending event: {'category': 'dbt', 'action': 'invocation', 'label': 'start', 'context': [<snowplow_tracker.self_describing_json.SelfDescribingJson object at 0x7e4618406bb0>, <snowplow_tracker.self_describing_json.SelfDescribingJson object at 0x7e4616287d30>, <snowplow_tracker.self_describing_json.SelfDescribingJson object at 0x7e4616287cd0>]}


============================== 18:33:54.764985 | c76d9808-7cc9-4d98-8d31-db9ffe810a2b ==============================
[0m18:33:54.764985 [info ] [MainThread]: Running with dbt=1.8.2
[0m18:33:54.765795 [debug] [MainThread]: running dbt with arguments {'printer_width': '80', 'indirect_selection': 'eager', 'write_json': 'True', 'log_cache_events': 'False', 'partial_parse': 'True', 'cache_selected_only': 'False', 'profiles_dir': '/root/.dbt', 'version_check': 'True', 'fail_fast': 'False', 'log_path': '/usr/app/dbt_project/logs', 'debug': 'False', 'warn_error': 'None', 'use_colors': 'True', 'use_experimental_parser': 'False', 'no_print': 'None', 'quiet': 'False', 'log_format': 'default', 'static_parser': 'True', 'warn_error_options': 'WarnErrorOptions(include=[], exclude=[])', 'introspect': 'True', 'target_path': 'None', 'invocation_command': 'dbt deps', 'send_anonymous_usage_stats': 'True'}
[0m18:33:54.905882 [debug] [MainThread]: Sending event: {'category': 'dbt', 'action': 'project_id', 'label': 'c76d9808-7cc9-4d98-8d31-db9ffe810a2b', 'context': [<snowplow_tracker.self_describing_json.SelfDescribingJson object at 0x7e461863d7f0>]}
[0m18:33:54.919431 [info ] [MainThread]: Warning: No packages were found in packages.yml
[0m18:33:54.923012 [info ] [MainThread]: Warning: No packages were found in packages.yml
[0m18:33:54.924742 [debug] [MainThread]: Resource report: {"command_name": "deps", "command_success": true, "command_wall_clock_time": 0.23463686, "process_user_time": 1.456437, "process_kernel_time": 0.263355, "process_mem_max_rss": "90224", "process_out_blocks": "8", "process_in_blocks": "0"}
[0m18:33:54.925593 [debug] [MainThread]: Command `dbt deps` succeeded at 18:33:54.925361 after 0.24 seconds
[0m18:33:54.926112 [debug] [MainThread]: Sending event: {'category': 'dbt', 'action': 'invocation', 'label': 'end', 'context': [<snowplow_tracker.self_describing_json.SelfDescribingJson object at 0x7e4618406bb0>, <snowplow_tracker.self_describing_json.SelfDescribingJson object at 0x7e4616170f40>, <snowplow_tracker.self_describing_json.SelfDescribingJson object at 0x7e4616f602e0>]}
[0m18:33:54.926553 [debug] [MainThread]: Flushing usage events
[0m18:33:58.079937 [debug] [MainThread]: Sending event: {'category': 'dbt', 'action': 'invocation', 'label': 'start', 'context': [<snowplow_tracker.self_describing_json.SelfDescribingJson object at 0x780e70a86c10>, <snowplow_tracker.self_describing_json.SelfDescribingJson object at 0x780e6e909e20>, <snowplow_tracker.self_describing_json.SelfDescribingJson object at 0x780e6e909dc0>]}


============================== 18:33:58.086262 | 7445445d-f23f-4064-b042-9bfe3242b3d2 ==============================
[0m18:33:58.086262 [info ] [MainThread]: Running with dbt=1.8.2
[0m18:33:58.087272 [debug] [MainThread]: running dbt with arguments {'printer_width': '80', 'indirect_selection': 'eager', 'log_cache_events': 'False', 'write_json': 'True', 'partial_parse': 'True', 'cache_selected_only': 'False', 'warn_error': 'None', 'fail_fast': 'False', 'version_check': 'True', 'log_path': '/usr/app/dbt_project/logs', 'profiles_dir': '/root/.dbt', 'debug': 'False', 'use_colors': 'True', 'use_experimental_parser': 'False', 'no_print': 'None', 'quiet': 'False', 'warn_error_options': 'WarnErrorOptions(include=[], exclude=[])', 'static_parser': 'True', 'log_format': 'default', 'invocation_command': 'dbt run --full-refresh', 'target_path': 'None', 'introspect': 'True', 'send_anonymous_usage_stats': 'True'}
[0m18:33:58.291689 [debug] [MainThread]: Sending event: {'category': 'dbt', 'action': 'project_id', 'label': '7445445d-f23f-4064-b042-9bfe3242b3d2', 'context': [<snowplow_tracker.self_describing_json.SelfDescribingJson object at 0x780e708425e0>]}
[0m18:33:58.358531 [debug] [MainThread]: Sending event: {'category': 'dbt', 'action': 'adapter_info', 'label': '7445445d-f23f-4064-b042-9bfe3242b3d2', 'context': [<snowplow_tracker.self_describing_json.SelfDescribingJson object at 0x780e6e9419d0>]}
[0m18:33:58.359446 [info ] [MainThread]: Registered adapter: clickhouse=1.8.2
[0m18:33:58.467186 [debug] [MainThread]: checksum: f0a141b9de567cb7f131613ba2682f40b3a1c6a157f81c6e5435862eff68f109, vars: {}, profile: , target: , version: 1.8.2
[0m18:33:58.468332 [info ] [MainThread]: Unable to do partial parsing because saved manifest not found. Starting full parse.
[0m18:33:58.468828 [debug] [MainThread]: Sending event: {'category': 'dbt', 'action': 'partial_parser', 'label': '7445445d-f23f-4064-b042-9bfe3242b3d2', 'context': [<snowplow_tracker.self_describing_json.SelfDescribingJson object at 0x780e6e842ac0>]}
[0m18:33:59.699818 [error] [MainThread]: Encountered an error:
Compilation Error in model fct_analise_risco (models/marts/fct_analise_risco.sql)
  invalid syntax for function call expression
    line 9
      config(
[0m18:33:59.701022 [debug] [MainThread]: Resource report: {"command_name": "run", "command_wall_clock_time": 1.6893822, "process_user_time": 2.975753, "process_kernel_time": 0.219391, "process_mem_max_rss": "97672", "command_success": false, "process_in_blocks": "0", "process_out_blocks": "0"}
[0m18:33:59.701519 [debug] [MainThread]: Command `dbt run` failed at 18:33:59.701395 after 1.69 seconds
[0m18:33:59.702012 [debug] [MainThread]: Sending event: {'category': 'dbt', 'action': 'invocation', 'label': 'end', 'context': [<snowplow_tracker.self_describing_json.SelfDescribingJson object at 0x780e70a86c10>, <snowplow_tracker.self_describing_json.SelfDescribingJson object at 0x780e6e45f700>, <snowplow_tracker.self_describing_json.SelfDescribingJson object at 0x780e6e45f6a0>]}
[0m18:33:59.702606 [debug] [MainThread]: Flushing usage events
[0m18:35:16.915556 [debug] [MainThread]: Sending event: {'category': 'dbt', 'action': 'invocation', 'label': 'start', 'context': [<snowplow_tracker.self_describing_json.SelfDescribingJson object at 0x750ef75c5b50>, <snowplow_tracker.self_describing_json.SelfDescribingJson object at 0x750ef5447d30>, <snowplow_tracker.self_describing_json.SelfDescribingJson object at 0x750ef5447cd0>]}


============================== 18:35:16.919661 | b4277cb9-621b-4a9d-b8b8-ed3525d6897a ==============================
[0m18:35:16.919661 [info ] [MainThread]: Running with dbt=1.8.2
[0m18:35:16.920196 [debug] [MainThread]: running dbt with arguments {'printer_width': '80', 'indirect_selection': 'eager', 'write_json': 'True', 'log_cache_events': 'False', 'partial_parse': 'True', 'cache_selected_only': 'False', 'warn_error': 'None', 'debug': 'False', 'version_check': 'True', 'log_path': '/usr/app/dbt_project/logs', 'profiles_dir': '/root/.dbt', 'fail_fast': 'False', 'use_colors': 'True', 'use_experimental_parser': 'False', 'no_print': 'None', 'quiet': 'False', 'warn_error_options': 'WarnErrorOptions(include=[], exclude=[])', 'invocation_command': 'dbt deps', 'static_parser': 'True', 'log_format': 'default', 'target_path': 'None', 'introspect': 'True', 'send_anonymous_usage_stats': 'True'}
[0m18:35:17.033262 [debug] [MainThread]: Sending event: {'category': 'dbt', 'action': 'project_id', 'label': 'b4277cb9-621b-4a9d-b8b8-ed3525d6897a', 'context': [<snowplow_tracker.self_describing_json.SelfDescribingJson object at 0x750ef53bc9d0>]}
[0m18:35:17.050181 [info ] [MainThread]: Warning: No packages were found in packages.yml
[0m18:35:17.051808 [info ] [MainThread]: Warning: No packages were found in packages.yml
[0m18:35:17.052668 [debug] [MainThread]: Resource report: {"command_name": "deps", "command_success": true, "command_wall_clock_time": 0.20314293, "process_user_time": 1.490204, "process_kernel_time": 0.224936, "process_mem_max_rss": "90884", "process_out_blocks": "16", "process_in_blocks": "0"}
[0m18:35:17.053096 [debug] [MainThread]: Command `dbt deps` succeeded at 18:35:17.052994 after 0.20 seconds
[0m18:35:17.053426 [debug] [MainThread]: Sending event: {'category': 'dbt', 'action': 'invocation', 'label': 'end', 'context': [<snowplow_tracker.self_describing_json.SelfDescribingJson object at 0x750ef75c5b50>, <snowplow_tracker.self_describing_json.SelfDescribingJson object at 0x750ef5330ee0>, <snowplow_tracker.self_describing_json.SelfDescribingJson object at 0x750ef5345670>]}
[0m18:35:17.053753 [debug] [MainThread]: Flushing usage events
[0m18:35:20.268856 [debug] [MainThread]: Sending event: {'category': 'dbt', 'action': 'invocation', 'label': 'start', 'context': [<snowplow_tracker.self_describing_json.SelfDescribingJson object at 0x7af8ddd54c10>, <snowplow_tracker.self_describing_json.SelfDescribingJson object at 0x7af8dbbd7e20>, <snowplow_tracker.self_describing_json.SelfDescribingJson object at 0x7af8dbbd7dc0>]}


============================== 18:35:20.274313 | 16a48c1e-99f5-4726-a14c-8038d2a9ed64 ==============================
[0m18:35:20.274313 [info ] [MainThread]: Running with dbt=1.8.2
[0m18:35:20.275012 [debug] [MainThread]: running dbt with arguments {'printer_width': '80', 'indirect_selection': 'eager', 'log_cache_events': 'False', 'write_json': 'True', 'partial_parse': 'True', 'cache_selected_only': 'False', 'profiles_dir': '/root/.dbt', 'fail_fast': 'False', 'debug': 'False', 'log_path': '/usr/app/dbt_project/logs', 'version_check': 'True', 'warn_error': 'None', 'use_colors': 'True', 'use_experimental_parser': 'False', 'no_print': 'None', 'quiet': 'False', 'warn_error_options': 'WarnErrorOptions(include=[], exclude=[])', 'invocation_command': 'dbt run --full-refresh', 'introspect': 'True', 'static_parser': 'True', 'target_path': 'None', 'log_format': 'default', 'send_anonymous_usage_stats': 'True'}
[0m18:35:20.478265 [debug] [MainThread]: Sending event: {'category': 'dbt', 'action': 'project_id', 'label': '16a48c1e-99f5-4726-a14c-8038d2a9ed64', 'context': [<snowplow_tracker.self_describing_json.SelfDescribingJson object at 0x7af8ddb0f5e0>]}
[0m18:35:20.555141 [debug] [MainThread]: Sending event: {'category': 'dbt', 'action': 'adapter_info', 'label': '16a48c1e-99f5-4726-a14c-8038d2a9ed64', 'context': [<snowplow_tracker.self_describing_json.SelfDescribingJson object at 0x7af8dbc0f9d0>]}
[0m18:35:20.556110 [info ] [MainThread]: Registered adapter: clickhouse=1.8.2
[0m18:35:20.675702 [debug] [MainThread]: checksum: f0a141b9de567cb7f131613ba2682f40b3a1c6a157f81c6e5435862eff68f109, vars: {}, profile: , target: , version: 1.8.2
[0m18:35:20.676655 [info ] [MainThread]: Unable to do partial parsing because saved manifest not found. Starting full parse.
[0m18:35:20.677061 [debug] [MainThread]: Sending event: {'category': 'dbt', 'action': 'partial_parser', 'label': '16a48c1e-99f5-4726-a14c-8038d2a9ed64', 'context': [<snowplow_tracker.self_describing_json.SelfDescribingJson object at 0x7af8dbb10ac0>]}
[0m18:35:21.952957 [error] [MainThread]: Encountered an error:
Compilation Error in model gold_proponente_features (models/gold/gold_proponente_features.sql)
  invalid syntax for function call expression
    line 6
      config(
[0m18:35:21.954455 [debug] [MainThread]: Resource report: {"command_name": "run", "command_wall_clock_time": 1.7491262, "process_user_time": 3.037971, "process_kernel_time": 0.256504, "process_mem_max_rss": "98256", "process_out_blocks": "8", "command_success": false, "process_in_blocks": "0"}
[0m18:35:21.954988 [debug] [MainThread]: Command `dbt run` failed at 18:35:21.954859 after 1.75 seconds
[0m18:35:21.955467 [debug] [MainThread]: Sending event: {'category': 'dbt', 'action': 'invocation', 'label': 'end', 'context': [<snowplow_tracker.self_describing_json.SelfDescribingJson object at 0x7af8ddd54c10>, <snowplow_tracker.self_describing_json.SelfDescribingJson object at 0x7af8dc22f190>, <snowplow_tracker.self_describing_json.SelfDescribingJson object at 0x7af8db6b9700>]}
[0m18:35:21.955895 [debug] [MainThread]: Flushing usage events
