[2025-07-01T23:06:02.231+0000] {local_task_job_runner.py:120} INFO - ::group::Pre task execution logs
[2025-07-01T23:06:02.264+0000] {taskinstance.py:2076} INFO - Dependencies all met for dep_context=non-requeueable deps ti=<TaskInstance: dbt_trino_silver_pipeline.dbt_run_silver scheduled__2025-07-01T23:04:00+00:00 [queued]>
[2025-07-01T23:06:02.272+0000] {taskinstance.py:2076} INFO - Dependencies all met for dep_context=requeueable deps ti=<TaskInstance: dbt_trino_silver_pipeline.dbt_run_silver scheduled__2025-07-01T23:04:00+00:00 [queued]>
[2025-07-01T23:06:02.273+0000] {taskinstance.py:2306} INFO - Starting attempt 1 of 1
[2025-07-01T23:06:02.284+0000] {taskinstance.py:2330} INFO - Executing <Task(DockerOperator): dbt_run_silver> on 2025-07-01 23:04:00+00:00
[2025-07-01T23:06:02.291+0000] {logging_mixin.py:188} WARNING - /home/airflow/.local/lib/python3.12/site-packages/airflow/task/task_runner/standard_task_runner.py:62 DeprecationWarning: This process (pid=647) is multi-threaded, use of fork() may lead to deadlocks in the child.
[2025-07-01T23:06:02.292+0000] {standard_task_runner.py:64} INFO - Started process 648 to run task
[2025-07-01T23:06:02.291+0000] {standard_task_runner.py:90} INFO - Running: ['airflow', 'tasks', 'run', 'dbt_trino_silver_pipeline', 'dbt_run_silver', 'scheduled__2025-07-01T23:04:00+00:00', '--job-id', '72', '--raw', '--subdir', 'DAGS_FOLDER/dbt_trino_silver_dag.py', '--cfg-path', '/tmp/tmplo3h55a6']
[2025-07-01T23:06:02.293+0000] {standard_task_runner.py:91} INFO - Job 72: Subtask dbt_run_silver
[2025-07-01T23:06:02.331+0000] {task_command.py:426} INFO - Running <TaskInstance: dbt_trino_silver_pipeline.dbt_run_silver scheduled__2025-07-01T23:04:00+00:00 [running]> on host 0a4aae371d36
[2025-07-01T23:06:02.407+0000] {taskinstance.py:2648} INFO - Exporting env vars: AIRFLOW_CTX_DAG_EMAIL='admin@example.com' AIRFLOW_CTX_DAG_OWNER='data-team' AIRFLOW_CTX_DAG_ID='dbt_trino_silver_pipeline' AIRFLOW_CTX_TASK_ID='dbt_run_silver' AIRFLOW_CTX_EXECUTION_DATE='2025-07-01T23:04:00+00:00' AIRFLOW_CTX_TRY_NUMBER='1' AIRFLOW_CTX_DAG_RUN_ID='scheduled__2025-07-01T23:04:00+00:00'
[2025-07-01T23:06:02.409+0000] {taskinstance.py:430} INFO - ::endgroup::
[2025-07-01T23:06:02.450+0000] {docker.py:367} INFO - Starting docker container from image modern-data-pipeline-dbt-trino:latest
[2025-07-01T23:06:02.762+0000] {docker.py:438} INFO - === Executando dbt run incremental ===
[2025-07-01T23:06:05.580+0000] {docker.py:438} INFO - [0m23:06:05  Running with dbt=1.7.0
[2025-07-01T23:06:05.987+0000] {docker.py:438} INFO - [0m23:06:05  Registered adapter: trino=1.7.0
[2025-07-01T23:06:06.032+0000] {docker.py:438} INFO - [0m23:06:06  Unable to do partial parsing because config vars, config profile, or config target have changed
[2025-07-01T23:06:07.932+0000] {docker.py:438} INFO - [0m23:06:07  Iniciando execução do dbt com Trino/Iceberg
[2025-07-01T23:06:07.969+0000] {docker.py:438} INFO - [0m23:06:07  Execução finalizada
[2025-07-01T23:06:08.698+0000] {docker.py:438} INFO - [0m23:06:08  Found 1 model, 29 tests, 5 operations, 1 source, 0 exposures, 0 metrics, 541 macros, 0 groups, 0 semantic models
[2025-07-01T23:06:08.702+0000] {docker.py:438} INFO - [0m23:06:08
[2025-07-01T23:06:09.034+0000] {docker.py:438} INFO - [0m23:06:09
[2025-07-01T23:06:09.036+0000] {docker.py:438} INFO - [0m23:06:09  Running 4 on-run-start hooks
[2025-07-01T23:06:09.042+0000] {docker.py:438} INFO - [0m23:06:09  Iniciando execução do dbt com Trino/Iceberg
[2025-07-01T23:06:09.051+0000] {docker.py:438} INFO - [0m23:06:09  1 of 4 START hook: agronegocio_iceberg.on-run-start.0 .......................... [RUN]
[2025-07-01T23:06:09.054+0000] {docker.py:438} INFO - [0m23:06:09  1 of 4 OK hook: agronegocio_iceberg.on-run-start.0 ............................. [[32mOK[0m in 0.00s]
[2025-07-01T23:06:09.093+0000] {docker.py:438} INFO - [0m23:06:09  Schema bronze criado/verificado
[2025-07-01T23:06:09.096+0000] {docker.py:438} INFO - [0m23:06:09  2 of 4 START hook: agronegocio_iceberg.on-run-start.1 .......................... [RUN]
[2025-07-01T23:06:09.098+0000] {docker.py:438} INFO - [0m23:06:09  2 of 4 OK hook: agronegocio_iceberg.on-run-start.1 ............................. [[32mOK[0m in 0.00s]
[2025-07-01T23:06:09.133+0000] {docker.py:438} INFO - [0m23:06:09  Schema silver criado/verificado
[2025-07-01T23:06:09.136+0000] {docker.py:438} INFO - [0m23:06:09  3 of 4 START hook: agronegocio_iceberg.on-run-start.2 .......................... [RUN]
[2025-07-01T23:06:09.137+0000] {docker.py:438} INFO - [0m23:06:09  3 of 4 OK hook: agronegocio_iceberg.on-run-start.2 ............................. [[32mOK[0m in 0.00s]
[2025-07-01T23:06:09.170+0000] {docker.py:438} INFO - [0m23:06:09  Schema gold criado/verificado
[2025-07-01T23:06:09.173+0000] {docker.py:438} INFO - [0m23:06:09  4 of 4 START hook: agronegocio_iceberg.on-run-start.3 .......................... [RUN]
[2025-07-01T23:06:09.174+0000] {docker.py:438} INFO - [0m23:06:09  4 of 4 OK hook: agronegocio_iceberg.on-run-start.3 ............................. [[32mOK[0m in 0.00s]
[2025-07-01T23:06:09.174+0000] {docker.py:438} INFO - [0m23:06:09
[2025-07-01T23:06:09.177+0000] {docker.py:438} INFO - [0m23:06:09  Concurrency: 2 threads (target='dev')
[2025-07-01T23:06:09.178+0000] {docker.py:438} INFO - [0m23:06:09
[2025-07-01T23:06:09.193+0000] {docker.py:438} INFO - [0m23:06:09  1 of 1 START sql incremental model silver.silver_dados_produtores_agro_trino ... [RUN]
[2025-07-01T23:06:11.979+0000] {docker.py:438} INFO - [0m23:06:11  1 of 1 OK created sql incremental model silver.silver_dados_produtores_agro_trino  [[32mSUCCESS[0m in 2.78s]
[2025-07-01T23:06:11.982+0000] {docker.py:438} INFO - [0m23:06:11
[2025-07-01T23:06:11.983+0000] {docker.py:438} INFO - [0m23:06:11  Running 1 on-run-end hook
[2025-07-01T23:06:11.987+0000] {docker.py:438} INFO - [0m23:06:11  Execução finalizada
[2025-07-01T23:06:11.988+0000] {docker.py:438} INFO - [0m23:06:11  1 of 1 START hook: agronegocio_iceberg.on-run-end.0 ............................ [RUN]
[2025-07-01T23:06:11.989+0000] {docker.py:438} INFO - [0m23:06:11  1 of 1 OK hook: agronegocio_iceberg.on-run-end.0 ............................... [[32mOK[0m in 0.00s]
[2025-07-01T23:06:11.990+0000] {docker.py:438} INFO - [0m23:06:11
[2025-07-01T23:06:11.992+0000] {docker.py:438} INFO - [0m23:06:11
[2025-07-01T23:06:11.992+0000] {docker.py:438} INFO - [0m23:06:11  Finished running 1 incremental model, 5 hooks in 0 hours 0 minutes and 3.29 seconds (3.29s).
[2025-07-01T23:06:12.008+0000] {docker.py:438} INFO - [0m23:06:12
[2025-07-01T23:06:12.009+0000] {docker.py:438} INFO - [0m23:06:12  [32mCompleted successfully[0m
[2025-07-01T23:06:12.009+0000] {docker.py:438} INFO - [0m23:06:12
[2025-07-01T23:06:12.010+0000] {docker.py:438} INFO - [0m23:06:12  Done. PASS=1 WARN=0 ERROR=0 SKIP=0 TOTAL=1
[2025-07-01T23:06:12.967+0000] {docker.py:438} INFO - === dbt run concluído com sucesso ===
[2025-07-01T23:06:13.164+0000] {taskinstance.py:441} INFO - ::group::Post task execution logs
[2025-07-01T23:06:13.185+0000] {taskinstance.py:1206} INFO - Marking task as SUCCESS. dag_id=dbt_trino_silver_pipeline, task_id=dbt_run_silver, run_id=scheduled__2025-07-01T23:04:00+00:00, execution_date=20250701T230400, start_date=20250701T230602, end_date=20250701T230613
[2025-07-01T23:06:13.237+0000] {local_task_job_runner.py:243} INFO - Task exited with return code 0
[2025-07-01T23:06:13.300+0000] {taskinstance.py:3503} INFO - 1 downstream tasks scheduled from follow-on schedule check
[2025-07-01T23:06:13.303+0000] {local_task_job_runner.py:222} INFO - ::endgroup::
