[2025-07-01T23:16:01.974+0000] {local_task_job_runner.py:120} INFO - ::group::Pre task execution logs
[2025-07-01T23:16:02.002+0000] {taskinstance.py:2076} INFO - Dependencies all met for dep_context=non-requeueable deps ti=<TaskInstance: dbt_trino_silver_pipeline.dbt_run_silver scheduled__2025-07-01T23:14:00+00:00 [queued]>
[2025-07-01T23:16:02.013+0000] {taskinstance.py:2076} INFO - Dependencies all met for dep_context=requeueable deps ti=<TaskInstance: dbt_trino_silver_pipeline.dbt_run_silver scheduled__2025-07-01T23:14:00+00:00 [queued]>
[2025-07-01T23:16:02.013+0000] {taskinstance.py:2306} INFO - Starting attempt 1 of 1
[2025-07-01T23:16:02.024+0000] {taskinstance.py:2330} INFO - Executing <Task(DockerOperator): dbt_run_silver> on 2025-07-01 23:14:00+00:00
[2025-07-01T23:16:02.031+0000] {logging_mixin.py:188} WARNING - /home/airflow/.local/lib/python3.12/site-packages/airflow/task/task_runner/standard_task_runner.py:62 DeprecationWarning: This process (pid=859) is multi-threaded, use of fork() may lead to deadlocks in the child.
[2025-07-01T23:16:02.032+0000] {standard_task_runner.py:64} INFO - Started process 860 to run task
[2025-07-01T23:16:02.031+0000] {standard_task_runner.py:90} INFO - Running: ['airflow', 'tasks', 'run', 'dbt_trino_silver_pipeline', 'dbt_run_silver', 'scheduled__2025-07-01T23:14:00+00:00', '--job-id', '87', '--raw', '--subdir', 'DAGS_FOLDER/dbt_trino_silver_dag.py', '--cfg-path', '/tmp/tmp88bbutsi']
[2025-07-01T23:16:02.033+0000] {standard_task_runner.py:91} INFO - Job 87: Subtask dbt_run_silver
[2025-07-01T23:16:02.071+0000] {task_command.py:426} INFO - Running <TaskInstance: dbt_trino_silver_pipeline.dbt_run_silver scheduled__2025-07-01T23:14:00+00:00 [running]> on host 0a4aae371d36
[2025-07-01T23:16:02.156+0000] {taskinstance.py:2648} INFO - Exporting env vars: AIRFLOW_CTX_DAG_EMAIL='admin@example.com' AIRFLOW_CTX_DAG_OWNER='data-team' AIRFLOW_CTX_DAG_ID='dbt_trino_silver_pipeline' AIRFLOW_CTX_TASK_ID='dbt_run_silver' AIRFLOW_CTX_EXECUTION_DATE='2025-07-01T23:14:00+00:00' AIRFLOW_CTX_TRY_NUMBER='1' AIRFLOW_CTX_DAG_RUN_ID='scheduled__2025-07-01T23:14:00+00:00'
[2025-07-01T23:16:02.157+0000] {taskinstance.py:430} INFO - ::endgroup::
[2025-07-01T23:16:02.187+0000] {docker.py:367} INFO - Starting docker container from image modern-data-pipeline-dbt-trino:latest
[2025-07-01T23:16:02.559+0000] {docker.py:438} INFO - === Executando dbt run incremental ===
[2025-07-01T23:16:06.086+0000] {docker.py:438} INFO - [0m23:16:06  Running with dbt=1.7.0
[2025-07-01T23:16:06.548+0000] {docker.py:438} INFO - [0m23:16:06  Registered adapter: trino=1.7.0
[2025-07-01T23:16:06.588+0000] {docker.py:438} INFO - [0m23:16:06  Unable to do partial parsing because config vars, config profile, or config target have changed
[2025-07-01T23:16:08.820+0000] {docker.py:438} INFO - [0m23:16:08  Iniciando execução do dbt com Trino/Iceberg
[2025-07-01T23:16:08.856+0000] {docker.py:438} INFO - [0m23:16:08  Execução finalizada
[2025-07-01T23:16:09.547+0000] {docker.py:438} INFO - [0m23:16:09  Found 1 model, 29 tests, 5 operations, 1 source, 0 exposures, 0 metrics, 541 macros, 0 groups, 0 semantic models
[2025-07-01T23:16:09.552+0000] {docker.py:438} INFO - [0m23:16:09
[2025-07-01T23:16:09.739+0000] {docker.py:438} INFO - [0m23:16:09
[2025-07-01T23:16:09.740+0000] {docker.py:438} INFO - [0m23:16:09  Running 4 on-run-start hooks
[2025-07-01T23:16:09.749+0000] {docker.py:438} INFO - [0m23:16:09  Iniciando execução do dbt com Trino/Iceberg
[2025-07-01T23:16:09.760+0000] {docker.py:438} INFO - [0m23:16:09  1 of 4 START hook: agronegocio_iceberg.on-run-start.0 .......................... [RUN]
[2025-07-01T23:16:09.760+0000] {docker.py:438} INFO - [0m23:16:09  1 of 4 OK hook: agronegocio_iceberg.on-run-start.0 ............................. [[32mOK[0m in 0.00s]
[2025-07-01T23:16:09.795+0000] {docker.py:438} INFO - [0m23:16:09  Schema bronze criado/verificado
[2025-07-01T23:16:09.797+0000] {docker.py:438} INFO - [0m23:16:09  2 of 4 START hook: agronegocio_iceberg.on-run-start.1 .......................... [RUN]
[2025-07-01T23:16:09.798+0000] {docker.py:438} INFO - [0m23:16:09  2 of 4 OK hook: agronegocio_iceberg.on-run-start.1 ............................. [[32mOK[0m in 0.00s]
[2025-07-01T23:16:09.823+0000] {docker.py:438} INFO - [0m23:16:09  Schema silver criado/verificado
[2025-07-01T23:16:09.825+0000] {docker.py:438} INFO - [0m23:16:09  3 of 4 START hook: agronegocio_iceberg.on-run-start.2 .......................... [RUN]
[2025-07-01T23:16:09.825+0000] {docker.py:438} INFO - [0m23:16:09  3 of 4 OK hook: agronegocio_iceberg.on-run-start.2 ............................. [[32mOK[0m in 0.00s]
[2025-07-01T23:16:09.848+0000] {docker.py:438} INFO - [0m23:16:09  Schema gold criado/verificado
[2025-07-01T23:16:09.850+0000] {docker.py:438} INFO - [0m23:16:09  4 of 4 START hook: agronegocio_iceberg.on-run-start.3 .......................... [RUN]
[2025-07-01T23:16:09.851+0000] {docker.py:438} INFO - [0m23:16:09  4 of 4 OK hook: agronegocio_iceberg.on-run-start.3 ............................. [[32mOK[0m in 0.00s]
[2025-07-01T23:16:09.851+0000] {docker.py:438} INFO - [0m23:16:09
[2025-07-01T23:16:09.854+0000] {docker.py:438} INFO - [0m23:16:09  Concurrency: 2 threads (target='dev')
[2025-07-01T23:16:09.854+0000] {docker.py:438} INFO - [0m23:16:09
[2025-07-01T23:16:09.865+0000] {docker.py:438} INFO - [0m23:16:09  1 of 1 START sql incremental model silver.silver_dados_produtores_agro_trino ... [RUN]
[2025-07-01T23:16:11.469+0000] {docker.py:438} INFO - [0m23:16:11  1 of 1 OK created sql incremental model silver.silver_dados_produtores_agro_trino  [[32mSUCCESS[0m in 1.60s]
[2025-07-01T23:16:11.473+0000] {docker.py:438} INFO - [0m23:16:11
[2025-07-01T23:16:11.474+0000] {docker.py:438} INFO - [0m23:16:11  Running 1 on-run-end hook
[2025-07-01T23:16:11.479+0000] {docker.py:438} INFO - [0m23:16:11  Execução finalizada
[2025-07-01T23:16:11.481+0000] {docker.py:438} INFO - [0m23:16:11  1 of 1 START hook: agronegocio_iceberg.on-run-end.0 ............................ [RUN]
[2025-07-01T23:16:11.481+0000] {docker.py:438} INFO - [0m23:16:11  1 of 1 OK hook: agronegocio_iceberg.on-run-end.0 ............................... [[32mOK[0m in 0.00s]
[2025-07-01T23:16:11.482+0000] {docker.py:438} INFO - [0m23:16:11
[2025-07-01T23:16:11.485+0000] {docker.py:438} INFO - [0m23:16:11
[2025-07-01T23:16:11.485+0000] {docker.py:438} INFO - [0m23:16:11  Finished running 1 incremental model, 5 hooks in 0 hours 0 minutes and 1.93 seconds (1.93s).
[2025-07-01T23:16:11.507+0000] {docker.py:438} INFO - [0m23:16:11
[2025-07-01T23:16:11.507+0000] {docker.py:438} INFO - [0m23:16:11  [32mCompleted successfully[0m
[2025-07-01T23:16:11.508+0000] {docker.py:438} INFO - [0m23:16:11
[2025-07-01T23:16:11.508+0000] {docker.py:438} INFO - [0m23:16:11  Done. PASS=1 WARN=0 ERROR=0 SKIP=0 TOTAL=1
[2025-07-01T23:16:12.472+0000] {docker.py:438} INFO - === dbt run concluído com sucesso ===
[2025-07-01T23:16:12.691+0000] {taskinstance.py:441} INFO - ::group::Post task execution logs
[2025-07-01T23:16:12.712+0000] {taskinstance.py:1206} INFO - Marking task as SUCCESS. dag_id=dbt_trino_silver_pipeline, task_id=dbt_run_silver, run_id=scheduled__2025-07-01T23:14:00+00:00, execution_date=20250701T231400, start_date=20250701T231602, end_date=20250701T231612
[2025-07-01T23:16:12.731+0000] {local_task_job_runner.py:243} INFO - Task exited with return code 0
[2025-07-01T23:16:12.759+0000] {taskinstance.py:3503} INFO - 1 downstream tasks scheduled from follow-on schedule check
[2025-07-01T23:16:12.761+0000] {local_task_job_runner.py:222} INFO - ::endgroup::
