[2025-07-01T22:24:02.781+0000] {local_task_job_runner.py:120} INFO - ::group::Pre task execution logs
[2025-07-01T22:24:02.811+0000] {taskinstance.py:2076} INFO - Dependencies all met for dep_context=non-requeueable deps ti=<TaskInstance: dbt_trino_silver_pipeline.dbt_run_silver scheduled__2025-07-01T22:22:00+00:00 [queued]>
[2025-07-01T22:24:02.821+0000] {taskinstance.py:2076} INFO - Dependencies all met for dep_context=requeueable deps ti=<TaskInstance: dbt_trino_silver_pipeline.dbt_run_silver scheduled__2025-07-01T22:22:00+00:00 [queued]>
[2025-07-01T22:24:02.822+0000] {taskinstance.py:2306} INFO - Starting attempt 1 of 1
[2025-07-01T22:24:02.833+0000] {taskinstance.py:2330} INFO - Executing <Task(DockerOperator): dbt_run_silver> on 2025-07-01 22:22:00+00:00
[2025-07-01T22:24:02.842+0000] {logging_mixin.py:188} WARNING - /home/airflow/.local/lib/python3.12/site-packages/airflow/task/task_runner/standard_task_runner.py:62 DeprecationWarning: This process (pid=1016) is multi-threaded, use of fork() may lead to deadlocks in the child.
[2025-07-01T22:24:02.843+0000] {standard_task_runner.py:64} INFO - Started process 1017 to run task
[2025-07-01T22:24:02.841+0000] {standard_task_runner.py:90} INFO - Running: ['airflow', 'tasks', 'run', 'dbt_trino_silver_pipeline', 'dbt_run_silver', 'scheduled__2025-07-01T22:22:00+00:00', '--job-id', '32', '--raw', '--subdir', 'DAGS_FOLDER/dbt_trino_silver_dag.py', '--cfg-path', '/tmp/tmpvqyho1fn']
[2025-07-01T22:24:02.843+0000] {standard_task_runner.py:91} INFO - Job 32: Subtask dbt_run_silver
[2025-07-01T22:24:02.884+0000] {task_command.py:426} INFO - Running <TaskInstance: dbt_trino_silver_pipeline.dbt_run_silver scheduled__2025-07-01T22:22:00+00:00 [running]> on host 891f6be6864d
[2025-07-01T22:24:02.969+0000] {taskinstance.py:2648} INFO - Exporting env vars: AIRFLOW_CTX_DAG_EMAIL='admin@example.com' AIRFLOW_CTX_DAG_OWNER='data-team' AIRFLOW_CTX_DAG_ID='dbt_trino_silver_pipeline' AIRFLOW_CTX_TASK_ID='dbt_run_silver' AIRFLOW_CTX_EXECUTION_DATE='2025-07-01T22:22:00+00:00' AIRFLOW_CTX_TRY_NUMBER='1' AIRFLOW_CTX_DAG_RUN_ID='scheduled__2025-07-01T22:22:00+00:00'
[2025-07-01T22:24:02.970+0000] {taskinstance.py:430} INFO - ::endgroup::
[2025-07-01T22:24:03.004+0000] {docker.py:367} INFO - Starting docker container from image modern-data-pipeline-dbt-trino:latest
[2025-07-01T22:24:03.291+0000] {docker.py:438} INFO - === Executando dbt run incremental ===
[2025-07-01T22:24:06.572+0000] {docker.py:438} INFO - [0m22:24:06  Running with dbt=1.7.0
[2025-07-01T22:24:07.043+0000] {docker.py:438} INFO - [0m22:24:07  Registered adapter: trino=1.7.0
[2025-07-01T22:24:07.125+0000] {docker.py:438} INFO - [0m22:24:07  [[33mWARNING[0m]: Configuration paths exist in your dbt_project.yml file which do not apply to any resources.
[2025-07-01T22:24:07.125+0000] {docker.py:438} INFO - There are 1 unused configuration paths:
[2025-07-01T22:24:07.125+0000] {docker.py:438} INFO - - models.agronegocio_iceberg.staging
[2025-07-01T22:24:07.158+0000] {docker.py:438} INFO - [0m22:24:07  Found 1 model, 29 tests, 2 operations, 1 source, 0 exposures, 0 metrics, 541 macros, 0 groups, 0 semantic models
[2025-07-01T22:24:07.160+0000] {docker.py:438} INFO - [0m22:24:07
[2025-07-01T22:24:07.495+0000] {docker.py:438} INFO - [0m22:24:07
[2025-07-01T22:24:07.496+0000] {docker.py:438} INFO - [0m22:24:07  Running 1 on-run-start hook
[2025-07-01T22:24:07.502+0000] {docker.py:438} INFO - [0m22:24:07  Iniciando execução do dbt com Trino/Iceberg
[2025-07-01T22:24:07.510+0000] {docker.py:438} INFO - [0m22:24:07  1 of 1 START hook: agronegocio_iceberg.on-run-start.0 .......................... [RUN]
[2025-07-01T22:24:07.510+0000] {docker.py:438} INFO - [0m22:24:07  1 of 1 OK hook: agronegocio_iceberg.on-run-start.0 ............................. [[32mOK[0m in 0.00s]
[2025-07-01T22:24:07.511+0000] {docker.py:438} INFO - [0m22:24:07
[2025-07-01T22:24:07.512+0000] {docker.py:438} INFO - [0m22:24:07  Concurrency: 2 threads (target='dev')
[2025-07-01T22:24:07.513+0000] {docker.py:438} INFO - [0m22:24:07
[2025-07-01T22:24:07.529+0000] {docker.py:438} INFO - [0m22:24:07  1 of 1 START sql incremental model silver_silver.silver_dados_produtores_agro_trino  [RUN]
[2025-07-01T22:24:07.725+0000] {docker.py:438} INFO - [0m22:24:07  Schema silver criado/verificado
[2025-07-01T22:24:07.847+0000] {docker.py:438} INFO - [0m22:24:07  1 of 1 ERROR creating sql incremental model silver_silver.silver_dados_produtores_agro_trino  [[31mERROR[0m in 0.32s]
[2025-07-01T22:24:07.851+0000] {docker.py:438} INFO - [0m22:24:07
[2025-07-01T22:24:07.853+0000] {docker.py:438} INFO - [0m22:24:07  Running 1 on-run-end hook
[2025-07-01T22:24:07.864+0000] {docker.py:438} INFO - [0m22:24:07  Execução finalizada
[2025-07-01T22:24:07.867+0000] {docker.py:438} INFO - [0m22:24:07  1 of 1 START hook: agronegocio_iceberg.on-run-end.0 ............................ [RUN]
[2025-07-01T22:24:07.869+0000] {docker.py:438} INFO - [0m22:24:07  1 of 1 OK hook: agronegocio_iceberg.on-run-end.0 ............................... [[32mOK[0m in 0.00s]
[2025-07-01T22:24:07.871+0000] {docker.py:438} INFO - [0m22:24:07
[2025-07-01T22:24:07.875+0000] {docker.py:438} INFO - [0m22:24:07
[2025-07-01T22:24:07.876+0000] {docker.py:438} INFO - [0m22:24:07  Finished running 1 incremental model, 2 hooks in 0 hours 0 minutes and 0.71 seconds (0.71s).
[2025-07-01T22:24:07.905+0000] {docker.py:438} INFO - [0m22:24:07
[2025-07-01T22:24:07.907+0000] {docker.py:438} INFO - [0m22:24:07  [31mCompleted with 1 error and 0 warnings:[0m
[2025-07-01T22:24:07.907+0000] {docker.py:438} INFO - [0m22:24:07
[2025-07-01T22:24:07.908+0000] {docker.py:438} INFO - [0m22:24:07    Database Error in model silver_dados_produtores_agro_trino (models/silver/silver_dados_produtores_agro_trino.sql)
[2025-07-01T22:24:07.908+0000] {docker.py:438} INFO -   TrinoUserError(type=USER_ERROR, name=COLUMN_NOT_FOUND, message="line 104:18: Column 'serasa_score' cannot be resolved", query_id=20250701_222407_00074_tzkb6)
[2025-07-01T22:24:07.908+0000] {docker.py:438} INFO -   compiled Code at target/run/agronegocio_iceberg/models/silver/silver_dados_produtores_agro_trino.sql
[2025-07-01T22:24:07.909+0000] {docker.py:438} INFO - [0m22:24:07
[2025-07-01T22:24:07.909+0000] {docker.py:438} INFO - [0m22:24:07  Done. PASS=0 WARN=0 ERROR=1 SKIP=0 TOTAL=1
[2025-07-01T22:24:09.268+0000] {taskinstance.py:441} INFO - ::group::Post task execution logs
[2025-07-01T22:24:09.279+0000] {taskinstance.py:2905} ERROR - Task failed with exception
Traceback (most recent call last):
  File "/home/airflow/.local/lib/python3.12/site-packages/airflow/models/taskinstance.py", line 460, in _execute_task
    result = _execute_callable(context=context, **execute_callable_kwargs)
             ^^^^^^^^^^^^^^^^^^^^^^^^^^^^^^^^^^^^^^^^^^^^^^^^^^^^^^^^^^^^^
  File "/home/airflow/.local/lib/python3.12/site-packages/airflow/models/taskinstance.py", line 432, in _execute_callable
    return execute_callable(context=context, **execute_callable_kwargs)
           ^^^^^^^^^^^^^^^^^^^^^^^^^^^^^^^^^^^^^^^^^^^^^^^^^^^^^^^^^^^^
  File "/home/airflow/.local/lib/python3.12/site-packages/airflow/models/baseoperator.py", line 401, in wrapper
    return func(self, *args, **kwargs)
           ^^^^^^^^^^^^^^^^^^^^^^^^^^^
  File "/home/airflow/.local/lib/python3.12/site-packages/airflow/providers/docker/operators/docker.py", line 513, in execute
    return self._run_image()
           ^^^^^^^^^^^^^^^^^
  File "/home/airflow/.local/lib/python3.12/site-packages/airflow/providers/docker/operators/docker.py", line 384, in _run_image
    return self._run_image_with_mounts(self.mounts, add_tmp_variable=False)
           ^^^^^^^^^^^^^^^^^^^^^^^^^^^^^^^^^^^^^^^^^^^^^^^^^^^^^^^^^^^^^^^^
  File "/home/airflow/.local/lib/python3.12/site-packages/airflow/providers/docker/operators/docker.py", line 446, in _run_image_with_mounts
    raise DockerContainerFailedException(f"Docker container failed: {result!r}", logs=log_lines)
airflow.providers.docker.exceptions.DockerContainerFailedException: Docker container failed: {'StatusCode': 1}
[2025-07-01T22:24:09.286+0000] {taskinstance.py:1206} INFO - Marking task as FAILED. dag_id=dbt_trino_silver_pipeline, task_id=dbt_run_silver, run_id=scheduled__2025-07-01T22:22:00+00:00, execution_date=20250701T222200, start_date=20250701T222402, end_date=20250701T222409
[2025-07-01T22:24:09.305+0000] {standard_task_runner.py:110} ERROR - Failed to execute job 32 for task dbt_run_silver (Docker container failed: {'StatusCode': 1}; 1017)
[2025-07-01T22:24:09.322+0000] {local_task_job_runner.py:243} INFO - Task exited with return code 1
[2025-07-01T22:24:09.353+0000] {taskinstance.py:3503} INFO - 0 downstream tasks scheduled from follow-on schedule check
[2025-07-01T22:24:09.358+0000] {local_task_job_runner.py:222} INFO - ::endgroup::
