[2025-07-01T23:14:01.821+0000] {local_task_job_runner.py:120} INFO - ::group::Pre task execution logs
[2025-07-01T23:14:01.896+0000] {taskinstance.py:2076} INFO - Dependencies all met for dep_context=non-requeueable deps ti=<TaskInstance: dbt_trino_silver_pipeline.dbt_run_silver scheduled__2025-07-01T23:12:00+00:00 [queued]>
[2025-07-01T23:14:01.911+0000] {taskinstance.py:2076} INFO - Dependencies all met for dep_context=requeueable deps ti=<TaskInstance: dbt_trino_silver_pipeline.dbt_run_silver scheduled__2025-07-01T23:12:00+00:00 [queued]>
[2025-07-01T23:14:01.912+0000] {taskinstance.py:2306} INFO - Starting attempt 1 of 1
[2025-07-01T23:14:01.950+0000] {taskinstance.py:2330} INFO - Executing <Task(DockerOperator): dbt_run_silver> on 2025-07-01 23:12:00+00:00
[2025-07-01T23:14:01.960+0000] {standard_task_runner.py:90} INFO - Running: ['airflow', 'tasks', 'run', 'dbt_trino_silver_pipeline', 'dbt_run_silver', 'scheduled__2025-07-01T23:12:00+00:00', '--job-id', '84', '--raw', '--subdir', 'DAGS_FOLDER/dbt_trino_silver_dag.py', '--cfg-path', '/tmp/tmpkv5ovjbx']
[2025-07-01T23:14:01.966+0000] {standard_task_runner.py:91} INFO - Job 84: Subtask dbt_run_silver
[2025-07-01T23:14:01.969+0000] {logging_mixin.py:188} WARNING - /home/airflow/.local/lib/python3.12/site-packages/airflow/task/task_runner/standard_task_runner.py:62 DeprecationWarning: This process (pid=816) is multi-threaded, use of fork() may lead to deadlocks in the child.
[2025-07-01T23:14:01.970+0000] {standard_task_runner.py:64} INFO - Started process 817 to run task
[2025-07-01T23:14:02.088+0000] {task_command.py:426} INFO - Running <TaskInstance: dbt_trino_silver_pipeline.dbt_run_silver scheduled__2025-07-01T23:12:00+00:00 [running]> on host 0a4aae371d36
[2025-07-01T23:14:02.302+0000] {taskinstance.py:2648} INFO - Exporting env vars: AIRFLOW_CTX_DAG_EMAIL='admin@example.com' AIRFLOW_CTX_DAG_OWNER='data-team' AIRFLOW_CTX_DAG_ID='dbt_trino_silver_pipeline' AIRFLOW_CTX_TASK_ID='dbt_run_silver' AIRFLOW_CTX_EXECUTION_DATE='2025-07-01T23:12:00+00:00' AIRFLOW_CTX_TRY_NUMBER='1' AIRFLOW_CTX_DAG_RUN_ID='scheduled__2025-07-01T23:12:00+00:00'
[2025-07-01T23:14:02.303+0000] {taskinstance.py:430} INFO - ::endgroup::
[2025-07-01T23:14:02.388+0000] {docker.py:367} INFO - Starting docker container from image modern-data-pipeline-dbt-trino:latest
[2025-07-01T23:14:02.864+0000] {docker.py:438} INFO - === Executando dbt run incremental ===
[2025-07-01T23:14:06.287+0000] {docker.py:438} INFO - [0m23:14:06  Running with dbt=1.7.0
[2025-07-01T23:14:06.690+0000] {docker.py:438} INFO - [0m23:14:06  Registered adapter: trino=1.7.0
[2025-07-01T23:14:06.725+0000] {docker.py:438} INFO - [0m23:14:06  Unable to do partial parsing because config vars, config profile, or config target have changed
[2025-07-01T23:14:08.649+0000] {docker.py:438} INFO - [0m23:14:08  Iniciando execução do dbt com Trino/Iceberg
[2025-07-01T23:14:08.683+0000] {docker.py:438} INFO - [0m23:14:08  Execução finalizada
[2025-07-01T23:14:09.287+0000] {docker.py:438} INFO - [0m23:14:09  Found 1 model, 29 tests, 5 operations, 1 source, 0 exposures, 0 metrics, 541 macros, 0 groups, 0 semantic models
[2025-07-01T23:14:09.289+0000] {docker.py:438} INFO - [0m23:14:09
[2025-07-01T23:14:09.461+0000] {docker.py:438} INFO - [0m23:14:09
[2025-07-01T23:14:09.462+0000] {docker.py:438} INFO - [0m23:14:09  Running 4 on-run-start hooks
[2025-07-01T23:14:09.466+0000] {docker.py:438} INFO - [0m23:14:09  Iniciando execução do dbt com Trino/Iceberg
[2025-07-01T23:14:09.471+0000] {docker.py:438} INFO - [0m23:14:09  1 of 4 START hook: agronegocio_iceberg.on-run-start.0 .......................... [RUN]
[2025-07-01T23:14:09.472+0000] {docker.py:438} INFO - [0m23:14:09  1 of 4 OK hook: agronegocio_iceberg.on-run-start.0 ............................. [[32mOK[0m in 0.00s]
[2025-07-01T23:14:09.497+0000] {docker.py:438} INFO - [0m23:14:09  Schema bronze criado/verificado
[2025-07-01T23:14:09.499+0000] {docker.py:438} INFO - [0m23:14:09  2 of 4 START hook: agronegocio_iceberg.on-run-start.1 .......................... [RUN]
[2025-07-01T23:14:09.500+0000] {docker.py:438} INFO - [0m23:14:09  2 of 4 OK hook: agronegocio_iceberg.on-run-start.1 ............................. [[32mOK[0m in 0.00s]
[2025-07-01T23:14:09.519+0000] {docker.py:438} INFO - [0m23:14:09  Schema silver criado/verificado
[2025-07-01T23:14:09.520+0000] {docker.py:438} INFO - [0m23:14:09  3 of 4 START hook: agronegocio_iceberg.on-run-start.2 .......................... [RUN]
[2025-07-01T23:14:09.521+0000] {docker.py:438} INFO - [0m23:14:09  3 of 4 OK hook: agronegocio_iceberg.on-run-start.2 ............................. [[32mOK[0m in 0.00s]
[2025-07-01T23:14:09.540+0000] {docker.py:438} INFO - [0m23:14:09  Schema gold criado/verificado
[2025-07-01T23:14:09.541+0000] {docker.py:438} INFO - [0m23:14:09  4 of 4 START hook: agronegocio_iceberg.on-run-start.3 .......................... [RUN]
[2025-07-01T23:14:09.542+0000] {docker.py:438} INFO - [0m23:14:09  4 of 4 OK hook: agronegocio_iceberg.on-run-start.3 ............................. [[32mOK[0m in 0.00s]
[2025-07-01T23:14:09.543+0000] {docker.py:438} INFO - [0m23:14:09
[2025-07-01T23:14:09.545+0000] {docker.py:438} INFO - [0m23:14:09  Concurrency: 2 threads (target='dev')
[2025-07-01T23:14:09.546+0000] {docker.py:438} INFO - [0m23:14:09
[2025-07-01T23:14:09.559+0000] {docker.py:438} INFO - [0m23:14:09  1 of 1 START sql incremental model silver.silver_dados_produtores_agro_trino ... [RUN]
[2025-07-01T23:14:11.007+0000] {docker.py:438} INFO - [0m23:14:11  1 of 1 OK created sql incremental model silver.silver_dados_produtores_agro_trino  [[32mSUCCESS[0m in 1.45s]
[2025-07-01T23:14:11.011+0000] {docker.py:438} INFO - [0m23:14:11
[2025-07-01T23:14:11.012+0000] {docker.py:438} INFO - [0m23:14:11  Running 1 on-run-end hook
[2025-07-01T23:14:11.018+0000] {docker.py:438} INFO - [0m23:14:11  Execução finalizada
[2025-07-01T23:14:11.019+0000] {docker.py:438} INFO - [0m23:14:11  1 of 1 START hook: agronegocio_iceberg.on-run-end.0 ............................ [RUN]
[2025-07-01T23:14:11.020+0000] {docker.py:438} INFO - [0m23:14:11  1 of 1 OK hook: agronegocio_iceberg.on-run-end.0 ............................... [[32mOK[0m in 0.00s]
[2025-07-01T23:14:11.021+0000] {docker.py:438} INFO - [0m23:14:11
[2025-07-01T23:14:11.023+0000] {docker.py:438} INFO - [0m23:14:11
[2025-07-01T23:14:11.024+0000] {docker.py:438} INFO - [0m23:14:11  Finished running 1 incremental model, 5 hooks in 0 hours 0 minutes and 1.73 seconds (1.73s).
[2025-07-01T23:14:11.047+0000] {docker.py:438} INFO - [0m23:14:11
[2025-07-01T23:14:11.047+0000] {docker.py:438} INFO - [0m23:14:11  [32mCompleted successfully[0m
[2025-07-01T23:14:11.048+0000] {docker.py:438} INFO - [0m23:14:11
[2025-07-01T23:14:11.049+0000] {docker.py:438} INFO - [0m23:14:11  Done. PASS=1 WARN=0 ERROR=0 SKIP=0 TOTAL=1
[2025-07-01T23:14:12.012+0000] {docker.py:438} INFO - === dbt run concluído com sucesso ===
[2025-07-01T23:14:12.272+0000] {taskinstance.py:441} INFO - ::group::Post task execution logs
[2025-07-01T23:14:12.321+0000] {taskinstance.py:1206} INFO - Marking task as SUCCESS. dag_id=dbt_trino_silver_pipeline, task_id=dbt_run_silver, run_id=scheduled__2025-07-01T23:12:00+00:00, execution_date=20250701T231200, start_date=20250701T231401, end_date=20250701T231412
[2025-07-01T23:14:12.371+0000] {local_task_job_runner.py:243} INFO - Task exited with return code 0
[2025-07-01T23:14:12.419+0000] {taskinstance.py:3503} INFO - 1 downstream tasks scheduled from follow-on schedule check
[2025-07-01T23:14:12.421+0000] {local_task_job_runner.py:222} INFO - ::endgroup::
