[2025-07-01T19:52:38.017+0000] {local_task_job_runner.py:120} INFO - ::group::Pre task execution logs
[2025-07-01T19:52:38.046+0000] {taskinstance.py:2076} INFO - Dependencies all met for dep_context=non-requeueable deps ti=<TaskInstance: dbt_trino_silver_pipeline.log_start scheduled__2025-07-01T19:50:00+00:00 [queued]>
[2025-07-01T19:52:38.054+0000] {taskinstance.py:2076} INFO - Dependencies all met for dep_context=requeueable deps ti=<TaskInstance: dbt_trino_silver_pipeline.log_start scheduled__2025-07-01T19:50:00+00:00 [queued]>
[2025-07-01T19:52:38.055+0000] {taskinstance.py:2306} INFO - Starting attempt 1 of 3
[2025-07-01T19:52:38.069+0000] {taskinstance.py:2330} INFO - Executing <Task(PythonOperator): log_start> on 2025-07-01 19:50:00+00:00
[2025-07-01T19:52:38.078+0000] {logging_mixin.py:188} WARNING - /home/airflow/.local/lib/python3.12/site-packages/airflow/task/task_runner/standard_task_runner.py:62 DeprecationWarning: This process (pid=377) is multi-threaded, use of fork() may lead to deadlocks in the child.
[2025-07-01T19:52:38.079+0000] {standard_task_runner.py:64} INFO - Started process 380 to run task
[2025-07-01T19:52:38.078+0000] {standard_task_runner.py:90} INFO - Running: ['airflow', 'tasks', 'run', 'dbt_trino_silver_pipeline', 'log_start', 'scheduled__2025-07-01T19:50:00+00:00', '--job-id', '65', '--raw', '--subdir', 'DAGS_FOLDER/dbt_trino_silver_dadg.py', '--cfg-path', '/tmp/tmp6brsmc29']
[2025-07-01T19:52:38.080+0000] {standard_task_runner.py:91} INFO - Job 65: Subtask log_start
[2025-07-01T19:52:38.126+0000] {task_command.py:426} INFO - Running <TaskInstance: dbt_trino_silver_pipeline.log_start scheduled__2025-07-01T19:50:00+00:00 [running]> on host 4495c02a4cb9
[2025-07-01T19:52:38.205+0000] {taskinstance.py:2648} INFO - Exporting env vars: AIRFLOW_CTX_DAG_EMAIL='admin@example.com' AIRFLOW_CTX_DAG_OWNER='data-team' AIRFLOW_CTX_DAG_ID='dbt_trino_silver_pipeline' AIRFLOW_CTX_TASK_ID='log_start' AIRFLOW_CTX_EXECUTION_DATE='2025-07-01T19:50:00+00:00' AIRFLOW_CTX_TRY_NUMBER='1' AIRFLOW_CTX_DAG_RUN_ID='scheduled__2025-07-01T19:50:00+00:00'
[2025-07-01T19:52:38.206+0000] {taskinstance.py:430} INFO - ::endgroup::
[2025-07-01T19:52:38.223+0000] {dbt_trino_silver_dadg.py:40} INFO - Iniciando pipeline Silver com Trino
[2025-07-01T19:52:38.225+0000] {logging_mixin.py:188} WARNING - /home/airflow/.local/lib/python3.12/site-packages/airflow/utils/context.py:320 AirflowContextDeprecationWarning: Accessing 'execution_date' from the template is deprecated and will be removed in a future version. Please use 'data_interval_start' or 'logical_date' instead.
[2025-07-01T19:52:38.225+0000] {dbt_trino_silver_dadg.py:41} INFO - Data de execução: 2025-07-01 19:50:00+00:00
[2025-07-01T19:52:38.225+0000] {dbt_trino_silver_dadg.py:42} INFO - Run ID: scheduled__2025-07-01T19:50:00+00:00
[2025-07-01T19:52:38.225+0000] {python.py:237} INFO - Done. Returned value was: None
[2025-07-01T19:52:38.226+0000] {taskinstance.py:441} INFO - ::group::Post task execution logs
[2025-07-01T19:52:38.236+0000] {taskinstance.py:1206} INFO - Marking task as SUCCESS. dag_id=dbt_trino_silver_pipeline, task_id=log_start, run_id=scheduled__2025-07-01T19:50:00+00:00, execution_date=20250701T195000, start_date=20250701T195238, end_date=20250701T195238
[2025-07-01T19:52:38.253+0000] {local_task_job_runner.py:243} INFO - Task exited with return code 0
[2025-07-01T19:52:38.276+0000] {taskinstance.py:3503} INFO - 1 downstream tasks scheduled from follow-on schedule check
[2025-07-01T19:52:38.278+0000] {local_task_job_runner.py:222} INFO - ::endgroup::
