[2025-07-01T23:04:02.088+0000] {local_task_job_runner.py:120} INFO - ::group::Pre task execution logs
[2025-07-01T23:04:02.137+0000] {taskinstance.py:2076} INFO - Dependencies all met for dep_context=non-requeueable deps ti=<TaskInstance: dbt_trino_silver_pipeline.dbt_run_silver scheduled__2025-07-01T23:02:00+00:00 [queued]>
[2025-07-01T23:04:02.152+0000] {taskinstance.py:2076} INFO - Dependencies all met for dep_context=requeueable deps ti=<TaskInstance: dbt_trino_silver_pipeline.dbt_run_silver scheduled__2025-07-01T23:02:00+00:00 [queued]>
[2025-07-01T23:04:02.152+0000] {taskinstance.py:2306} INFO - Starting attempt 1 of 1
[2025-07-01T23:04:02.174+0000] {taskinstance.py:2330} INFO - Executing <Task(DockerOperator): dbt_run_silver> on 2025-07-01 23:02:00+00:00
[2025-07-01T23:04:02.183+0000] {logging_mixin.py:188} WARNING - /home/airflow/.local/lib/python3.12/site-packages/airflow/task/task_runner/standard_task_runner.py:62 DeprecationWarning: This process (pid=605) is multi-threaded, use of fork() may lead to deadlocks in the child.
[2025-07-01T23:04:02.184+0000] {standard_task_runner.py:64} INFO - Started process 606 to run task
[2025-07-01T23:04:02.183+0000] {standard_task_runner.py:90} INFO - Running: ['airflow', 'tasks', 'run', 'dbt_trino_silver_pipeline', 'dbt_run_silver', 'scheduled__2025-07-01T23:02:00+00:00', '--job-id', '69', '--raw', '--subdir', 'DAGS_FOLDER/dbt_trino_silver_dag.py', '--cfg-path', '/tmp/tmpztddo2vk']
[2025-07-01T23:04:02.186+0000] {standard_task_runner.py:91} INFO - Job 69: Subtask dbt_run_silver
[2025-07-01T23:04:02.259+0000] {task_command.py:426} INFO - Running <TaskInstance: dbt_trino_silver_pipeline.dbt_run_silver scheduled__2025-07-01T23:02:00+00:00 [running]> on host 0a4aae371d36
[2025-07-01T23:04:02.400+0000] {taskinstance.py:2648} INFO - Exporting env vars: AIRFLOW_CTX_DAG_EMAIL='admin@example.com' AIRFLOW_CTX_DAG_OWNER='data-team' AIRFLOW_CTX_DAG_ID='dbt_trino_silver_pipeline' AIRFLOW_CTX_TASK_ID='dbt_run_silver' AIRFLOW_CTX_EXECUTION_DATE='2025-07-01T23:02:00+00:00' AIRFLOW_CTX_TRY_NUMBER='1' AIRFLOW_CTX_DAG_RUN_ID='scheduled__2025-07-01T23:02:00+00:00'
[2025-07-01T23:04:02.400+0000] {taskinstance.py:430} INFO - ::endgroup::
[2025-07-01T23:04:02.461+0000] {docker.py:367} INFO - Starting docker container from image modern-data-pipeline-dbt-trino:latest
[2025-07-01T23:04:02.953+0000] {docker.py:438} INFO - === Executando dbt run incremental ===
[2025-07-01T23:04:06.445+0000] {docker.py:438} INFO - [0m23:04:06  Running with dbt=1.7.0
[2025-07-01T23:04:06.870+0000] {docker.py:438} INFO - [0m23:04:06  Registered adapter: trino=1.7.0
[2025-07-01T23:04:07.608+0000] {docker.py:438} INFO - [0m23:04:07  Found 29 tests, 5 operations, 1 model, 1 source, 0 exposures, 0 metrics, 541 macros, 0 groups, 0 semantic models
[2025-07-01T23:04:07.613+0000] {docker.py:438} INFO - [0m23:04:07
[2025-07-01T23:04:08.038+0000] {docker.py:438} INFO - [0m23:04:08
[2025-07-01T23:04:08.040+0000] {docker.py:438} INFO - [0m23:04:08  Running 4 on-run-start hooks
[2025-07-01T23:04:08.049+0000] {docker.py:438} INFO - [0m23:04:08  Iniciando execução do dbt com Trino/Iceberg
[2025-07-01T23:04:08.057+0000] {docker.py:438} INFO - [0m23:04:08  1 of 4 START hook: agronegocio_iceberg.on-run-start.0 .......................... [RUN]
[2025-07-01T23:04:08.059+0000] {docker.py:438} INFO - [0m23:04:08  1 of 4 OK hook: agronegocio_iceberg.on-run-start.0 ............................. [[32mOK[0m in 0.00s]
[2025-07-01T23:04:08.110+0000] {docker.py:438} INFO - [0m23:04:08  Schema bronze criado/verificado
[2025-07-01T23:04:08.123+0000] {docker.py:438} INFO - [0m23:04:08  2 of 4 START hook: agronegocio_iceberg.on-run-start.1 .......................... [RUN]
[2025-07-01T23:04:08.124+0000] {docker.py:438} INFO - [0m23:04:08  2 of 4 OK hook: agronegocio_iceberg.on-run-start.1 ............................. [[32mOK[0m in 0.00s]
[2025-07-01T23:04:08.179+0000] {docker.py:438} INFO - [0m23:04:08  Schema silver criado/verificado
[2025-07-01T23:04:08.181+0000] {docker.py:438} INFO - [0m23:04:08  3 of 4 START hook: agronegocio_iceberg.on-run-start.2 .......................... [RUN]
[2025-07-01T23:04:08.182+0000] {docker.py:438} INFO - [0m23:04:08  3 of 4 OK hook: agronegocio_iceberg.on-run-start.2 ............................. [[32mOK[0m in 0.00s]
[2025-07-01T23:04:08.251+0000] {docker.py:438} INFO - [0m23:04:08  Schema gold criado/verificado
[2025-07-01T23:04:08.254+0000] {docker.py:438} INFO - [0m23:04:08  4 of 4 START hook: agronegocio_iceberg.on-run-start.3 .......................... [RUN]
[2025-07-01T23:04:08.256+0000] {docker.py:438} INFO - [0m23:04:08  4 of 4 OK hook: agronegocio_iceberg.on-run-start.3 ............................. [[32mOK[0m in 0.00s]
[2025-07-01T23:04:08.258+0000] {docker.py:438} INFO - [0m23:04:08
[2025-07-01T23:04:08.263+0000] {docker.py:438} INFO - [0m23:04:08  Concurrency: 2 threads (target='dev')
[2025-07-01T23:04:08.267+0000] {docker.py:438} INFO - [0m23:04:08
[2025-07-01T23:04:08.280+0000] {docker.py:438} INFO - [0m23:04:08  1 of 1 START sql incremental model silver.silver_dados_produtores_agro_trino ... [RUN]
[2025-07-01T23:04:13.340+0000] {docker.py:438} INFO - [0m23:04:13  1 of 1 OK created sql incremental model silver.silver_dados_produtores_agro_trino  [[32mSUCCESS[0m in 5.06s]
[2025-07-01T23:04:13.345+0000] {docker.py:438} INFO - [0m23:04:13  
[2025-07-01T23:04:13.346+0000] {docker.py:438} INFO - [0m23:04:13  Running 1 on-run-end hook
[2025-07-01T23:04:13.352+0000] {docker.py:438} INFO - [0m23:04:13  Execução finalizada
[2025-07-01T23:04:13.353+0000] {docker.py:438} INFO - [0m23:04:13  1 of 1 START hook: agronegocio_iceberg.on-run-end.0 ............................ [RUN]
[2025-07-01T23:04:13.354+0000] {docker.py:438} INFO - [0m23:04:13  1 of 1 OK hook: agronegocio_iceberg.on-run-end.0 ............................... [[32mOK[0m in 0.00s]
[2025-07-01T23:04:13.355+0000] {docker.py:438} INFO - [0m23:04:13
[2025-07-01T23:04:13.357+0000] {docker.py:438} INFO - [0m23:04:13
[2025-07-01T23:04:13.358+0000] {docker.py:438} INFO - [0m23:04:13  Finished running 1 incremental model, 5 hooks in 0 hours 0 minutes and 5.74 seconds (5.74s).
[2025-07-01T23:04:13.383+0000] {docker.py:438} INFO - [0m23:04:13
[2025-07-01T23:04:13.384+0000] {docker.py:438} INFO - [0m23:04:13  [32mCompleted successfully[0m
[2025-07-01T23:04:13.385+0000] {docker.py:438} INFO - [0m23:04:13
[2025-07-01T23:04:13.386+0000] {docker.py:438} INFO - [0m23:04:13  Done. PASS=1 WARN=0 ERROR=0 SKIP=0 TOTAL=1
[2025-07-01T23:04:14.433+0000] {docker.py:438} INFO - === dbt run concluído com sucesso ===
[2025-07-01T23:04:14.660+0000] {taskinstance.py:441} INFO - ::group::Post task execution logs
[2025-07-01T23:04:14.684+0000] {taskinstance.py:1206} INFO - Marking task as SUCCESS. dag_id=dbt_trino_silver_pipeline, task_id=dbt_run_silver, run_id=scheduled__2025-07-01T23:02:00+00:00, execution_date=20250701T230200, start_date=20250701T230402, end_date=20250701T230414
[2025-07-01T23:04:14.742+0000] {local_task_job_runner.py:243} INFO - Task exited with return code 0
[2025-07-01T23:04:14.777+0000] {taskinstance.py:3503} INFO - 0 downstream tasks scheduled from follow-on schedule check
[2025-07-01T23:04:14.780+0000] {local_task_job_runner.py:222} INFO - ::endgroup::
