[2025-07-01T23:08:02.340+0000] {local_task_job_runner.py:120} INFO - ::group::Pre task execution logs
[2025-07-01T23:08:02.367+0000] {taskinstance.py:2076} INFO - Dependencies all met for dep_context=non-requeueable deps ti=<TaskInstance: dbt_trino_silver_pipeline.dbt_run_silver scheduled__2025-07-01T23:06:00+00:00 [queued]>
[2025-07-01T23:08:02.375+0000] {taskinstance.py:2076} INFO - Dependencies all met for dep_context=requeueable deps ti=<TaskInstance: dbt_trino_silver_pipeline.dbt_run_silver scheduled__2025-07-01T23:06:00+00:00 [queued]>
[2025-07-01T23:08:02.376+0000] {taskinstance.py:2306} INFO - Starting attempt 1 of 1
[2025-07-01T23:08:02.388+0000] {taskinstance.py:2330} INFO - Executing <Task(DockerOperator): dbt_run_silver> on 2025-07-01 23:06:00+00:00
[2025-07-01T23:08:02.396+0000] {logging_mixin.py:188} WARNING - /home/airflow/.local/lib/python3.12/site-packages/airflow/task/task_runner/standard_task_runner.py:62 DeprecationWarning: This process (pid=689) is multi-threaded, use of fork() may lead to deadlocks in the child.
[2025-07-01T23:08:02.396+0000] {standard_task_runner.py:90} INFO - Running: ['airflow', 'tasks', 'run', 'dbt_trino_silver_pipeline', 'dbt_run_silver', 'scheduled__2025-07-01T23:06:00+00:00', '--job-id', '75', '--raw', '--subdir', 'DAGS_FOLDER/dbt_trino_silver_dag.py', '--cfg-path', '/tmp/tmph8cb2h3s']
[2025-07-01T23:08:02.397+0000] {standard_task_runner.py:64} INFO - Started process 690 to run task
[2025-07-01T23:08:02.398+0000] {standard_task_runner.py:91} INFO - Job 75: Subtask dbt_run_silver
[2025-07-01T23:08:02.449+0000] {task_command.py:426} INFO - Running <TaskInstance: dbt_trino_silver_pipeline.dbt_run_silver scheduled__2025-07-01T23:06:00+00:00 [running]> on host 0a4aae371d36
[2025-07-01T23:08:02.541+0000] {taskinstance.py:2648} INFO - Exporting env vars: AIRFLOW_CTX_DAG_EMAIL='admin@example.com' AIRFLOW_CTX_DAG_OWNER='data-team' AIRFLOW_CTX_DAG_ID='dbt_trino_silver_pipeline' AIRFLOW_CTX_TASK_ID='dbt_run_silver' AIRFLOW_CTX_EXECUTION_DATE='2025-07-01T23:06:00+00:00' AIRFLOW_CTX_TRY_NUMBER='1' AIRFLOW_CTX_DAG_RUN_ID='scheduled__2025-07-01T23:06:00+00:00'
[2025-07-01T23:08:02.541+0000] {taskinstance.py:430} INFO - ::endgroup::
[2025-07-01T23:08:02.586+0000] {docker.py:367} INFO - Starting docker container from image modern-data-pipeline-dbt-trino:latest
[2025-07-01T23:08:02.902+0000] {docker.py:438} INFO - === Executando dbt run incremental ===
[2025-07-01T23:08:05.978+0000] {docker.py:438} INFO - [0m23:08:05  Running with dbt=1.7.0
[2025-07-01T23:08:06.445+0000] {docker.py:438} INFO - [0m23:08:06  Registered adapter: trino=1.7.0
[2025-07-01T23:08:06.505+0000] {docker.py:438} INFO - [0m23:08:06  Unable to do partial parsing because config vars, config profile, or config target have changed
[2025-07-01T23:08:08.621+0000] {docker.py:438} INFO - [0m23:08:08  Iniciando execução do dbt com Trino/Iceberg
[2025-07-01T23:08:08.651+0000] {docker.py:438} INFO - [0m23:08:08  Execução finalizada
[2025-07-01T23:08:09.366+0000] {docker.py:438} INFO - [0m23:08:09  Found 1 model, 29 tests, 5 operations, 1 source, 0 exposures, 0 metrics, 541 macros, 0 groups, 0 semantic models
[2025-07-01T23:08:09.369+0000] {docker.py:438} INFO - [0m23:08:09
[2025-07-01T23:08:09.648+0000] {docker.py:438} INFO - [0m23:08:09
[2025-07-01T23:08:09.650+0000] {docker.py:438} INFO - [0m23:08:09  Running 4 on-run-start hooks
[2025-07-01T23:08:09.659+0000] {docker.py:438} INFO - [0m23:08:09  Iniciando execução do dbt com Trino/Iceberg
[2025-07-01T23:08:09.665+0000] {docker.py:438} INFO - [0m23:08:09  1 of 4 START hook: agronegocio_iceberg.on-run-start.0 .......................... [RUN]
[2025-07-01T23:08:09.666+0000] {docker.py:438} INFO - [0m23:08:09  1 of 4 OK hook: agronegocio_iceberg.on-run-start.0 ............................. [[32mOK[0m in 0.00s]
[2025-07-01T23:08:09.694+0000] {docker.py:438} INFO - [0m23:08:09  Schema bronze criado/verificado
[2025-07-01T23:08:09.695+0000] {docker.py:438} INFO - [0m23:08:09  2 of 4 START hook: agronegocio_iceberg.on-run-start.1 .......................... [RUN]
[2025-07-01T23:08:09.697+0000] {docker.py:438} INFO - [0m23:08:09  2 of 4 OK hook: agronegocio_iceberg.on-run-start.1 ............................. [[32mOK[0m in 0.00s]
[2025-07-01T23:08:09.720+0000] {docker.py:438} INFO - [0m23:08:09  Schema silver criado/verificado
[2025-07-01T23:08:09.723+0000] {docker.py:438} INFO - [0m23:08:09  3 of 4 START hook: agronegocio_iceberg.on-run-start.2 .......................... [RUN]
[2025-07-01T23:08:09.724+0000] {docker.py:438} INFO - [0m23:08:09  3 of 4 OK hook: agronegocio_iceberg.on-run-start.2 ............................. [[32mOK[0m in 0.00s]
[2025-07-01T23:08:09.746+0000] {docker.py:438} INFO - [0m23:08:09  Schema gold criado/verificado
[2025-07-01T23:08:09.749+0000] {docker.py:438} INFO - [0m23:08:09  4 of 4 START hook: agronegocio_iceberg.on-run-start.3 .......................... [RUN]
[2025-07-01T23:08:09.750+0000] {docker.py:438} INFO - [0m23:08:09  4 of 4 OK hook: agronegocio_iceberg.on-run-start.3 ............................. [[32mOK[0m in 0.00s]
[2025-07-01T23:08:09.750+0000] {docker.py:438} INFO - [0m23:08:09
[2025-07-01T23:08:09.752+0000] {docker.py:438} INFO - [0m23:08:09  Concurrency: 2 threads (target='dev')
[2025-07-01T23:08:09.752+0000] {docker.py:438} INFO - [0m23:08:09
[2025-07-01T23:08:09.765+0000] {docker.py:438} INFO - [0m23:08:09  1 of 1 START sql incremental model silver.silver_dados_produtores_agro_trino ... [RUN]
[2025-07-01T23:08:11.533+0000] {docker.py:438} INFO - [0m23:08:11  1 of 1 OK created sql incremental model silver.silver_dados_produtores_agro_trino  [[32mSUCCESS[0m in 1.77s]
[2025-07-01T23:08:11.538+0000] {docker.py:438} INFO - [0m23:08:11
[2025-07-01T23:08:11.540+0000] {docker.py:438} INFO - [0m23:08:11  Running 1 on-run-end hook
[2025-07-01T23:08:11.548+0000] {docker.py:438} INFO - [0m23:08:11  Execução finalizada
[2025-07-01T23:08:11.550+0000] {docker.py:438} INFO - [0m23:08:11  1 of 1 START hook: agronegocio_iceberg.on-run-end.0 ............................ [RUN]
[2025-07-01T23:08:11.552+0000] {docker.py:438} INFO - [0m23:08:11  1 of 1 OK hook: agronegocio_iceberg.on-run-end.0 ............................... [[32mOK[0m in 0.00s]
[2025-07-01T23:08:11.554+0000] {docker.py:438} INFO - [0m23:08:11
[2025-07-01T23:08:11.557+0000] {docker.py:438} INFO - [0m23:08:11
[2025-07-01T23:08:11.558+0000] {docker.py:438} INFO - [0m23:08:11  Finished running 1 incremental model, 5 hooks in 0 hours 0 minutes and 2.19 seconds (2.19s).
[2025-07-01T23:08:11.587+0000] {docker.py:438} INFO - [0m23:08:11
[2025-07-01T23:08:11.589+0000] {docker.py:438} INFO - [0m23:08:11  [32mCompleted successfully[0m
[2025-07-01T23:08:11.590+0000] {docker.py:438} INFO - [0m23:08:11
[2025-07-01T23:08:11.592+0000] {docker.py:438} INFO - [0m23:08:11  Done. PASS=1 WARN=0 ERROR=0 SKIP=0 TOTAL=1
[2025-07-01T23:08:12.516+0000] {docker.py:438} INFO - === dbt run concluído com sucesso ===
[2025-07-01T23:08:13.746+0000] {taskinstance.py:441} INFO - ::group::Post task execution logs
[2025-07-01T23:08:13.772+0000] {taskinstance.py:1206} INFO - Marking task as SUCCESS. dag_id=dbt_trino_silver_pipeline, task_id=dbt_run_silver, run_id=scheduled__2025-07-01T23:06:00+00:00, execution_date=20250701T230600, start_date=20250701T230802, end_date=20250701T230813
[2025-07-01T23:08:13.825+0000] {local_task_job_runner.py:243} INFO - Task exited with return code 0
[2025-07-01T23:08:13.866+0000] {taskinstance.py:3503} INFO - 1 downstream tasks scheduled from follow-on schedule check
[2025-07-01T23:08:13.872+0000] {local_task_job_runner.py:222} INFO - ::endgroup::
