[2025-07-01T21:58:11.328+0000] {local_task_job_runner.py:120} INFO - ::group::Pre task execution logs
[2025-07-01T21:58:11.355+0000] {taskinstance.py:2076} INFO - Dependencies all met for dep_context=non-requeueable deps ti=<TaskInstance: dbt_trino_silver_pipeline.dbt_run_silver scheduled__2025-07-01T21:54:00+00:00 [queued]>
[2025-07-01T21:58:11.363+0000] {taskinstance.py:2076} INFO - Dependencies all met for dep_context=requeueable deps ti=<TaskInstance: dbt_trino_silver_pipeline.dbt_run_silver scheduled__2025-07-01T21:54:00+00:00 [queued]>
[2025-07-01T21:58:11.364+0000] {taskinstance.py:2306} INFO - Starting attempt 1 of 3
[2025-07-01T21:58:11.377+0000] {taskinstance.py:2330} INFO - Executing <Task(DockerOperator): dbt_run_silver> on 2025-07-01 21:54:00+00:00
[2025-07-01T21:58:11.385+0000] {logging_mixin.py:188} WARNING - /home/airflow/.local/lib/python3.12/site-packages/airflow/task/task_runner/standard_task_runner.py:62 DeprecationWarning: This process (pid=497) is multi-threaded, use of fork() may lead to deadlocks in the child.
[2025-07-01T21:58:11.386+0000] {standard_task_runner.py:64} INFO - Started process 498 to run task
[2025-07-01T21:58:11.385+0000] {standard_task_runner.py:90} INFO - Running: ['airflow', 'tasks', 'run', 'dbt_trino_silver_pipeline', 'dbt_run_silver', 'scheduled__2025-07-01T21:54:00+00:00', '--job-id', '3', '--raw', '--subdir', 'DAGS_FOLDER/dbt_trino_silver_dag.py', '--cfg-path', '/tmp/tmp28hiod47']
[2025-07-01T21:58:11.387+0000] {standard_task_runner.py:91} INFO - Job 3: Subtask dbt_run_silver
[2025-07-01T21:58:11.428+0000] {task_command.py:426} INFO - Running <TaskInstance: dbt_trino_silver_pipeline.dbt_run_silver scheduled__2025-07-01T21:54:00+00:00 [running]> on host 891f6be6864d
[2025-07-01T21:58:11.500+0000] {taskinstance.py:2648} INFO - Exporting env vars: AIRFLOW_CTX_DAG_EMAIL='admin@example.com' AIRFLOW_CTX_DAG_OWNER='data-team' AIRFLOW_CTX_DAG_ID='dbt_trino_silver_pipeline' AIRFLOW_CTX_TASK_ID='dbt_run_silver' AIRFLOW_CTX_EXECUTION_DATE='2025-07-01T21:54:00+00:00' AIRFLOW_CTX_TRY_NUMBER='1' AIRFLOW_CTX_DAG_RUN_ID='scheduled__2025-07-01T21:54:00+00:00'
[2025-07-01T21:58:11.501+0000] {taskinstance.py:430} INFO - ::endgroup::
[2025-07-01T21:58:11.534+0000] {docker.py:367} INFO - Starting docker container from image modern-data-pipeline-dbt-trino:latest
[2025-07-01T21:58:11.941+0000] {docker.py:438} INFO - === Executando dbt run incremental ===
[2025-07-01T21:58:14.738+0000] {docker.py:438} INFO - [0m21:58:14  Running with dbt=1.7.0
[2025-07-01T21:58:15.153+0000] {docker.py:438} INFO - [0m21:58:15  Registered adapter: trino=1.7.0
[2025-07-01T21:58:15.186+0000] {docker.py:438} INFO - [0m21:58:15  Unable to do partial parsing because a project dependency has been added
[2025-07-01T21:58:17.084+0000] {docker.py:438} INFO - [0m21:58:17  Iniciando execução do dbt com Trino/Iceberg
[2025-07-01T21:58:17.091+0000] {docker.py:438} INFO - [0m21:58:17  Execução finalizada
[2025-07-01T21:58:17.689+0000] {docker.py:438} INFO - [0m21:58:17  [[33mWARNING[0m]: Configuration paths exist in your dbt_project.yml file which do not apply to any resources.
[2025-07-01T21:58:17.689+0000] {docker.py:438} INFO - There are 1 unused configuration paths:
[2025-07-01T21:58:17.689+0000] {docker.py:438} INFO - - models.agronegocio_iceberg.staging
[2025-07-01T21:58:17.720+0000] {docker.py:438} INFO - [0m21:58:17  Found 1 model, 29 tests, 2 operations, 1 source, 0 exposures, 0 metrics, 541 macros, 0 groups, 0 semantic models
[2025-07-01T21:58:17.723+0000] {docker.py:438} INFO - [0m21:58:17
[2025-07-01T21:58:17.772+0000] {docker.py:438} INFO - [0m21:58:17
[2025-07-01T21:58:17.774+0000] {docker.py:438} INFO - [0m21:58:17  Finished running  in 0 hours 0 minutes and 0.05 seconds (0.05s).
[2025-07-01T21:58:17.774+0000] {docker.py:438} INFO - [0m21:58:17  Encountered an error:
[2025-07-01T21:58:17.775+0000] {docker.py:438} INFO - Database Error
[2025-07-01T21:58:17.775+0000] {docker.py:438} INFO -   TrinoUserError(type=USER_ERROR, name=INVALID_SESSION_PROPERTY, message="Unknown session property exchange_compression", query_id=20250701_215817_00001_tzkb6)
[2025-07-01T21:58:19.160+0000] {taskinstance.py:441} INFO - ::group::Post task execution logs
[2025-07-01T21:58:19.182+0000] {taskinstance.py:2905} ERROR - Task failed with exception
Traceback (most recent call last):
  File "/home/airflow/.local/lib/python3.12/site-packages/airflow/models/taskinstance.py", line 460, in _execute_task
    result = _execute_callable(context=context, **execute_callable_kwargs)
             ^^^^^^^^^^^^^^^^^^^^^^^^^^^^^^^^^^^^^^^^^^^^^^^^^^^^^^^^^^^^^
  File "/home/airflow/.local/lib/python3.12/site-packages/airflow/models/taskinstance.py", line 432, in _execute_callable
    return execute_callable(context=context, **execute_callable_kwargs)
           ^^^^^^^^^^^^^^^^^^^^^^^^^^^^^^^^^^^^^^^^^^^^^^^^^^^^^^^^^^^^
  File "/home/airflow/.local/lib/python3.12/site-packages/airflow/models/baseoperator.py", line 401, in wrapper
    return func(self, *args, **kwargs)
           ^^^^^^^^^^^^^^^^^^^^^^^^^^^
  File "/home/airflow/.local/lib/python3.12/site-packages/airflow/providers/docker/operators/docker.py", line 513, in execute
    return self._run_image()
           ^^^^^^^^^^^^^^^^^
  File "/home/airflow/.local/lib/python3.12/site-packages/airflow/providers/docker/operators/docker.py", line 384, in _run_image
    return self._run_image_with_mounts(self.mounts, add_tmp_variable=False)
           ^^^^^^^^^^^^^^^^^^^^^^^^^^^^^^^^^^^^^^^^^^^^^^^^^^^^^^^^^^^^^^^^
  File "/home/airflow/.local/lib/python3.12/site-packages/airflow/providers/docker/operators/docker.py", line 446, in _run_image_with_mounts
    raise DockerContainerFailedException(f"Docker container failed: {result!r}", logs=log_lines)
airflow.providers.docker.exceptions.DockerContainerFailedException: Docker container failed: {'StatusCode': 2}
[2025-07-01T21:58:19.191+0000] {taskinstance.py:1206} INFO - Marking task as UP_FOR_RETRY. dag_id=dbt_trino_silver_pipeline, task_id=dbt_run_silver, run_id=scheduled__2025-07-01T21:54:00+00:00, execution_date=20250701T215400, start_date=20250701T215811, end_date=20250701T215819
[2025-07-01T21:58:19.212+0000] {standard_task_runner.py:110} ERROR - Failed to execute job 3 for task dbt_run_silver (Docker container failed: {'StatusCode': 2}; 498)
[2025-07-01T21:58:19.260+0000] {local_task_job_runner.py:243} INFO - Task exited with return code 1
[2025-07-01T21:58:19.290+0000] {taskinstance.py:3503} INFO - 0 downstream tasks scheduled from follow-on schedule check
[2025-07-01T21:58:19.293+0000] {local_task_job_runner.py:222} INFO - ::endgroup::
