[2025-07-01T23:10:01.858+0000] {local_task_job_runner.py:120} INFO - ::group::Pre task execution logs
[2025-07-01T23:10:01.910+0000] {taskinstance.py:2076} INFO - Dependencies all met for dep_context=non-requeueable deps ti=<TaskInstance: dbt_trino_silver_pipeline.dbt_run_silver scheduled__2025-07-01T23:08:00+00:00 [queued]>
[2025-07-01T23:10:01.925+0000] {taskinstance.py:2076} INFO - Dependencies all met for dep_context=requeueable deps ti=<TaskInstance: dbt_trino_silver_pipeline.dbt_run_silver scheduled__2025-07-01T23:08:00+00:00 [queued]>
[2025-07-01T23:10:01.926+0000] {taskinstance.py:2306} INFO - Starting attempt 1 of 1
[2025-07-01T23:10:01.946+0000] {taskinstance.py:2330} INFO - Executing <Task(DockerOperator): dbt_run_silver> on 2025-07-01 23:08:00+00:00
[2025-07-01T23:10:01.955+0000] {logging_mixin.py:188} WARNING - /home/airflow/.local/lib/python3.12/site-packages/airflow/task/task_runner/standard_task_runner.py:62 DeprecationWarning: This process (pid=731) is multi-threaded, use of fork() may lead to deadlocks in the child.
[2025-07-01T23:10:01.956+0000] {standard_task_runner.py:64} INFO - Started process 732 to run task
[2025-07-01T23:10:01.957+0000] {standard_task_runner.py:90} INFO - Running: ['airflow', 'tasks', 'run', 'dbt_trino_silver_pipeline', 'dbt_run_silver', 'scheduled__2025-07-01T23:08:00+00:00', '--job-id', '78', '--raw', '--subdir', 'DAGS_FOLDER/dbt_trino_silver_dag.py', '--cfg-path', '/tmp/tmphdul80j9']
[2025-07-01T23:10:01.959+0000] {standard_task_runner.py:91} INFO - Job 78: Subtask dbt_run_silver
[2025-07-01T23:10:02.036+0000] {task_command.py:426} INFO - Running <TaskInstance: dbt_trino_silver_pipeline.dbt_run_silver scheduled__2025-07-01T23:08:00+00:00 [running]> on host 0a4aae371d36
[2025-07-01T23:10:02.170+0000] {taskinstance.py:2648} INFO - Exporting env vars: AIRFLOW_CTX_DAG_EMAIL='admin@example.com' AIRFLOW_CTX_DAG_OWNER='data-team' AIRFLOW_CTX_DAG_ID='dbt_trino_silver_pipeline' AIRFLOW_CTX_TASK_ID='dbt_run_silver' AIRFLOW_CTX_EXECUTION_DATE='2025-07-01T23:08:00+00:00' AIRFLOW_CTX_TRY_NUMBER='1' AIRFLOW_CTX_DAG_RUN_ID='scheduled__2025-07-01T23:08:00+00:00'
[2025-07-01T23:10:02.171+0000] {taskinstance.py:430} INFO - ::endgroup::
[2025-07-01T23:10:02.242+0000] {docker.py:367} INFO - Starting docker container from image modern-data-pipeline-dbt-trino:latest
[2025-07-01T23:10:02.621+0000] {docker.py:438} INFO - === Executando dbt run incremental ===
[2025-07-01T23:10:05.665+0000] {docker.py:438} INFO - [0m23:10:05  Running with dbt=1.7.0
[2025-07-01T23:10:06.139+0000] {docker.py:438} INFO - [0m23:10:06  Registered adapter: trino=1.7.0
[2025-07-01T23:10:06.182+0000] {docker.py:438} INFO - [0m23:10:06  Unable to do partial parsing because config vars, config profile, or config target have changed
[2025-07-01T23:10:07.970+0000] {docker.py:438} INFO - [0m23:10:07  Iniciando execução do dbt com Trino/Iceberg
[2025-07-01T23:10:08.000+0000] {docker.py:438} INFO - [0m23:10:08  Execução finalizada
[2025-07-01T23:10:08.615+0000] {docker.py:438} INFO - [0m23:10:08  Found 1 model, 29 tests, 5 operations, 1 source, 0 exposures, 0 metrics, 541 macros, 0 groups, 0 semantic models
[2025-07-01T23:10:08.620+0000] {docker.py:438} INFO - [0m23:10:08
[2025-07-01T23:10:08.801+0000] {docker.py:438} INFO - [0m23:10:08
[2025-07-01T23:10:08.802+0000] {docker.py:438} INFO - [0m23:10:08  Running 4 on-run-start hooks
[2025-07-01T23:10:08.808+0000] {docker.py:438} INFO - [0m23:10:08  Iniciando execução do dbt com Trino/Iceberg
[2025-07-01T23:10:08.817+0000] {docker.py:438} INFO - [0m23:10:08  1 of 4 START hook: agronegocio_iceberg.on-run-start.0 .......................... [RUN]
[2025-07-01T23:10:08.818+0000] {docker.py:438} INFO - [0m23:10:08  1 of 4 OK hook: agronegocio_iceberg.on-run-start.0 ............................. [[32mOK[0m in 0.00s]
[2025-07-01T23:10:08.851+0000] {docker.py:438} INFO - [0m23:10:08  Schema bronze criado/verificado
[2025-07-01T23:10:08.853+0000] {docker.py:438} INFO - [0m23:10:08  2 of 4 START hook: agronegocio_iceberg.on-run-start.1 .......................... [RUN]
[2025-07-01T23:10:08.854+0000] {docker.py:438} INFO - [0m23:10:08  2 of 4 OK hook: agronegocio_iceberg.on-run-start.1 ............................. [[32mOK[0m in 0.00s]
[2025-07-01T23:10:08.873+0000] {docker.py:438} INFO - [0m23:10:08  Schema silver criado/verificado
[2025-07-01T23:10:08.874+0000] {docker.py:438} INFO - [0m23:10:08  3 of 4 START hook: agronegocio_iceberg.on-run-start.2 .......................... [RUN]
[2025-07-01T23:10:08.875+0000] {docker.py:438} INFO - [0m23:10:08  3 of 4 OK hook: agronegocio_iceberg.on-run-start.2 ............................. [[32mOK[0m in 0.00s]
[2025-07-01T23:10:08.894+0000] {docker.py:438} INFO - [0m23:10:08  Schema gold criado/verificado
[2025-07-01T23:10:08.896+0000] {docker.py:438} INFO - [0m23:10:08  4 of 4 START hook: agronegocio_iceberg.on-run-start.3 .......................... [RUN]
[2025-07-01T23:10:08.898+0000] {docker.py:438} INFO - [0m23:10:08  4 of 4 OK hook: agronegocio_iceberg.on-run-start.3 ............................. [[32mOK[0m in 0.00s]
[2025-07-01T23:10:08.898+0000] {docker.py:438} INFO - [0m23:10:08
[2025-07-01T23:10:08.900+0000] {docker.py:438} INFO - [0m23:10:08  Concurrency: 2 threads (target='dev')
[2025-07-01T23:10:08.901+0000] {docker.py:438} INFO - [0m23:10:08
[2025-07-01T23:10:08.909+0000] {docker.py:438} INFO - [0m23:10:08  1 of 1 START sql incremental model silver.silver_dados_produtores_agro_trino ... [RUN]
[2025-07-01T23:10:10.457+0000] {docker.py:438} INFO - [0m23:10:10  1 of 1 OK created sql incremental model silver.silver_dados_produtores_agro_trino  [[32mSUCCESS[0m in 1.55s]
[2025-07-01T23:10:10.460+0000] {docker.py:438} INFO - [0m23:10:10
[2025-07-01T23:10:10.461+0000] {docker.py:438} INFO - [0m23:10:10  Running 1 on-run-end hook
[2025-07-01T23:10:10.465+0000] {docker.py:438} INFO - [0m23:10:10  Execução finalizada
[2025-07-01T23:10:10.466+0000] {docker.py:438} INFO - [0m23:10:10  1 of 1 START hook: agronegocio_iceberg.on-run-end.0 ............................ [RUN]
[2025-07-01T23:10:10.467+0000] {docker.py:438} INFO - [0m23:10:10  1 of 1 OK hook: agronegocio_iceberg.on-run-end.0 ............................... [[32mOK[0m in 0.00s]
[2025-07-01T23:10:10.468+0000] {docker.py:438} INFO - [0m23:10:10
[2025-07-01T23:10:10.470+0000] {docker.py:438} INFO - [0m23:10:10
[2025-07-01T23:10:10.470+0000] {docker.py:438} INFO - [0m23:10:10  Finished running 1 incremental model, 5 hooks in 0 hours 0 minutes and 1.85 seconds (1.85s).
[2025-07-01T23:10:10.486+0000] {docker.py:438} INFO - [0m23:10:10
[2025-07-01T23:10:10.486+0000] {docker.py:438} INFO - [0m23:10:10  [32mCompleted successfully[0m
[2025-07-01T23:10:10.487+0000] {docker.py:438} INFO - [0m23:10:10
[2025-07-01T23:10:10.487+0000] {docker.py:438} INFO - [0m23:10:10  Done. PASS=1 WARN=0 ERROR=0 SKIP=0 TOTAL=1
[2025-07-01T23:10:12.462+0000] {docker.py:438} INFO - === dbt run concluído com sucesso ===
[2025-07-01T23:10:12.710+0000] {taskinstance.py:441} INFO - ::group::Post task execution logs
[2025-07-01T23:10:12.729+0000] {taskinstance.py:1206} INFO - Marking task as SUCCESS. dag_id=dbt_trino_silver_pipeline, task_id=dbt_run_silver, run_id=scheduled__2025-07-01T23:08:00+00:00, execution_date=20250701T230800, start_date=20250701T231001, end_date=20250701T231012
[2025-07-01T23:10:12.778+0000] {local_task_job_runner.py:243} INFO - Task exited with return code 0
[2025-07-01T23:10:12.846+0000] {taskinstance.py:3503} INFO - 1 downstream tasks scheduled from follow-on schedule check
[2025-07-01T23:10:12.848+0000] {local_task_job_runner.py:222} INFO - ::endgroup::
